0 verbose cli /usr/bin/node /usr/bin/npm
1 info using npm@11.14.0
2 info using node@v20.20.2
3 silly config load:file:/usr/lib/node_modules/npm/npmrc
4 silly config load:file:/app/.agents/skills/webapp-building-swarm/scripts/template/.npmrc
5 silly config load:file:/home/kimi/.npmrc
6 silly config load:file:/home/kimi/.npm-global/etc/npmrc
7 verbose title npm install react-router-dom react-hook-form
8 verbose argv "install" "react-router-dom" "react-hook-form"
9 verbose logfile logs-max:10 dir:/home/kimi/.npm-cache/_logs/2026-05-08T10_49_41_665Z-
10 verbose logfile /home/kimi/.npm-cache/_logs/2026-05-08T10_49_41_665Z-debug-0.log
11 silly logfile done cleaning log files
12 silly packumentCache heap:4345298944 maxSize:1086324736 maxEntrySize:543162368
13 silly idealTree buildDeps
14 silly fetch manifest react-hook-form@^7.70.0
15 silly packumentCache full:https://registry.npmjs.org/react-hook-form cache-miss
16 http fetch GET 200 https://registry.npmjs.org/react-hook-form 1639ms (cache miss)
17 silly packumentCache full:https://registry.npmjs.org/react-hook-form set size:undefined disposed:false
18 silly fetch manifest react@^19.2.0
19 silly packumentCache full:https://registry.npmjs.org/react cache-miss
20 http cache https://registry.npmjs.org/react 20ms (cache hit)
21 silly packumentCache full:https://registry.npmjs.org/react set size:6646698 disposed:false
22 silly fetch manifest react-router-dom@*
23 silly packumentCache full:https://registry.npmjs.org/react-router-dom cache-miss
24 http fetch GET 200 https://registry.npmjs.org/react-router-dom 314ms (cache miss)
25 silly packumentCache full:https://registry.npmjs.org/react-router-dom set size:undefined disposed:false
26 silly fetch manifest react-dom@^19.2.0
27 silly packumentCache full:https://registry.npmjs.org/react-dom cache-miss
28 http cache https://registry.npmjs.org/react-dom 19ms (cache hit)
29 silly packumentCache full:https://registry.npmjs.org/react-dom set size:8862063 disposed:false
30 silly placeDep ROOT react-hook-form@7.75.0 REPLACE for: my-app@0.0.0 want: ^7.70.0
31 silly placeDep ROOT react-router-dom@7.15.0 OK for: my-app@0.0.0 want: *
32 silly reify mark retired [
32 silly reify   '/app/.agents/skills/webapp-building-swarm/scripts/template/node_modules/react-hook-form'
32 silly reify ]
33 silly reify moves {
33 silly reify   '/app/.agents/skills/webapp-building-swarm/scripts/template/node_modules/react-hook-form': '/app/.agents/skills/webapp-building-swarm/scripts/template/node_modules/.react-hook-form-HQCjIAwt'
33 silly reify }
34 silly audit bulk request {
34 silly audit   '@alloc/quick-lru': [ '5.2.0' ],
34 silly audit   '@babel/code-frame': [ '7.29.0' ],
34 silly audit   '@babel/compat-data': [ '7.29.0' ],
34 silly audit   '@babel/core': [ '7.28.5' ],
34 silly audit   '@babel/generator': [ '7.29.1' ],
34 silly audit   '@babel/helper-annotate-as-pure': [ '7.27.3' ],
34 silly audit   '@babel/helper-compilation-targets': [ '7.28.6' ],
34 silly audit   '@babel/helper-create-class-features-plugin': [ '7.28.6' ],
34 silly audit   '@babel/helper-create-regexp-features-plugin': [ '7.28.5' ],
34 silly audit   '@babel/helper-define-polyfill-provider': [ '0.6.6' ],
34 silly audit   '@babel/helper-globals': [ '7.28.0' ],
34 silly audit   '@babel/helper-member-expression-to-functions': [ '7.28.5' ],
34 silly audit   '@babel/helper-module-imports': [ '7.28.6' ],
34 silly audit   '@babel/helper-module-transforms': [ '7.28.6' ],
34 silly audit   '@babel/helper-optimise-call-expression': [ '7.27.1' ],
34 silly audit   '@babel/helper-plugin-utils': [ '7.28.6' ],
34 silly audit   '@babel/helper-remap-async-to-generator': [ '7.27.1' ],
34 silly audit   '@babel/helper-replace-supers': [ '7.28.6' ],
34 silly audit   '@babel/helper-skip-transparent-expression-wrappers': [ '7.27.1' ],
34 silly audit   '@babel/helper-string-parser': [ '7.27.1' ],
34 silly audit   '@babel/helper-validator-identifier': [ '7.28.5' ],
34 silly audit   '@babel/helper-validator-option': [ '7.27.1' ],
34 silly audit   '@babel/helper-wrap-function': [ '7.28.6' ],
34 silly audit   '@babel/helpers': [ '7.28.4' ],
34 silly audit   '@babel/parser': [ '7.29.0' ],
34 silly audit   '@babel/plugin-bugfix-firefox-class-in-computed-class-key': [ '7.28.5' ],
34 silly audit   '@babel/plugin-bugfix-safari-class-field-initializer-scope': [ '7.27.1' ],
34 silly audit   '@babel/plugin-bugfix-safari-id-destructuring-collision-in-function-expression': [ '7.27.1' ],
34 silly audit   '@babel/plugin-bugfix-v8-spread-parameters-in-optional-chaining': [ '7.27.1' ],
34 silly audit   '@babel/plugin-bugfix-v8-static-class-fields-redefine-readonly': [ '7.28.6' ],
34 silly audit   '@babel/plugin-proposal-decorators': [ '7.29.0' ],
34 silly audit   '@babel/plugin-proposal-private-property-in-object': [ '7.21.0-placeholder-for-preset-env.2' ],
34 silly audit   '@babel/plugin-syntax-decorators': [ '7.28.6' ],
34 silly audit   '@babel/plugin-syntax-import-assertions': [ '7.28.6' ],
34 silly audit   '@babel/plugin-syntax-import-attributes': [ '7.28.6' ],
34 silly audit   '@babel/plugin-syntax-jsx': [ '7.28.6' ],
34 silly audit   '@babel/plugin-syntax-typescript': [ '7.28.6' ],
34 silly audit   '@babel/plugin-syntax-unicode-sets-regex': [ '7.18.6' ],
34 silly audit   '@babel/plugin-transform-arrow-functions': [ '7.27.1' ],
34 silly audit   '@babel/plugin-transform-async-generator-functions': [ '7.29.0' ],
34 silly audit   '@babel/plugin-transform-async-to-generator': [ '7.28.6' ],
34 silly audit   '@babel/plugin-transform-block-scoped-functions': [ '7.27.1' ],
34 silly audit   '@babel/plugin-transform-block-scoping': [ '7.28.6' ],
34 silly audit   '@babel/plugin-transform-class-properties': [ '7.28.6' ],
34 silly audit   '@babel/plugin-transform-class-static-block': [ '7.28.6' ],
34 silly audit   '@babel/plugin-transform-classes': [ '7.28.6' ],
34 silly audit   '@babel/plugin-transform-computed-properties': [ '7.28.6' ],
34 silly audit   '@babel/plugin-transform-destructuring': [ '7.28.5' ],
34 silly audit   '@babel/plugin-transform-dotall-regex': [ '7.28.6' ],
34 silly audit   '@babel/plugin-transform-duplicate-keys': [ '7.27.1' ],
34 silly audit   '@babel/plugin-transform-duplicate-named-capturing-groups-regex': [ '7.29.0' ],
34 silly audit   '@babel/plugin-transform-dynamic-import': [ '7.27.1' ],
34 silly audit   '@babel/plugin-transform-explicit-resource-management': [ '7.28.6' ],
34 silly audit   '@babel/plugin-transform-exponentiation-operator': [ '7.28.6' ],
34 silly audit   '@babel/plugin-transform-export-namespace-from': [ '7.27.1' ],
34 silly audit   '@babel/plugin-transform-for-of': [ '7.27.1' ],
34 silly audit   '@babel/plugin-transform-function-name': [ '7.27.1' ],
34 silly audit   '@babel/plugin-transform-json-strings': [ '7.28.6' ],
34 silly audit   '@babel/plugin-transform-literals': [ '7.27.1' ],
34 silly audit   '@babel/plugin-transform-logical-assignment-operators': [ '7.28.6' ],
34 silly audit   '@babel/plugin-transform-member-expression-literals': [ '7.27.1' ],
34 silly audit   '@babel/plugin-transform-modules-amd': [ '7.27.1' ],
34 silly audit   '@babel/plugin-transform-modules-commonjs': [ '7.28.6' ],
34 silly audit   '@babel/plugin-transform-modules-systemjs': [ '7.29.0' ],
34 silly audit   '@babel/plugin-transform-modules-umd': [ '7.27.1' ],
34 silly audit   '@babel/plugin-transform-named-capturing-groups-regex': [ '7.29.0' ],
34 silly audit   '@babel/plugin-transform-new-target': [ '7.27.1' ],
34 silly audit   '@babel/plugin-transform-nullish-coalescing-operator': [ '7.28.6' ],
34 silly audit   '@babel/plugin-transform-numeric-separator': [ '7.28.6' ],
34 silly audit   '@babel/plugin-transform-object-rest-spread': [ '7.28.6' ],
34 silly audit   '@babel/plugin-transform-object-super': [ '7.27.1' ],
34 silly audit   '@babel/plugin-transform-optional-catch-binding': [ '7.28.6' ],
34 silly audit   '@babel/plugin-transform-optional-chaining': [ '7.28.6' ],
34 silly audit   '@babel/plugin-transform-parameters': [ '7.27.7' ],
34 silly audit   '@babel/plugin-transform-private-methods': [ '7.28.6' ],
34 silly audit   '@babel/plugin-transform-private-property-in-object': [ '7.28.6' ],
34 silly audit   '@babel/plugin-transform-property-literals': [ '7.27.1' ],
34 silly audit   '@babel/plugin-transform-react-display-name': [ '7.28.0' ],
34 silly audit   '@babel/plugin-transform-react-jsx': [ '7.28.6' ],
34 silly audit   '@babel/plugin-transform-react-jsx-development': [ '7.27.1' ],
34 silly audit   '@babel/plugin-transform-react-jsx-self': [ '7.27.1' ],
34 silly audit   '@babel/plugin-transform-react-jsx-source': [ '7.27.1' ],
34 silly audit   '@babel/plugin-transform-react-pure-annotations': [ '7.27.1' ],
34 silly audit   '@babel/plugin-transform-regenerator': [ '7.29.0' ],
34 silly audit   '@babel/plugin-transform-regexp-modifiers': [ '7.28.6' ],
34 silly audit   '@babel/plugin-transform-reserved-words': [ '7.27.1' ],
34 silly audit   '@babel/plugin-transform-shorthand-properties': [ '7.27.1' ],
34 silly audit   '@babel/plugin-transform-spread': [ '7.28.6' ],
34 silly audit   '@babel/plugin-transform-sticky-regex': [ '7.27.1' ],
34 silly audit   '@babel/plugin-transform-template-literals': [ '7.27.1' ],
34 silly audit   '@babel/plugin-transform-typeof-symbol': [ '7.27.1' ],
34 silly audit   '@babel/plugin-transform-typescript': [ '7.28.6' ],
34 silly audit   '@babel/plugin-transform-unicode-escapes': [ '7.27.1' ],
34 silly audit   '@babel/plugin-transform-unicode-property-regex': [ '7.28.6' ],
34 silly audit   '@babel/plugin-transform-unicode-regex': [ '7.27.1' ],
34 silly audit   '@babel/plugin-transform-unicode-sets-regex': [ '7.28.6' ],
34 silly audit   '@babel/preset-env': [ '7.29.0' ],
34 silly audit   '@babel/preset-modules': [ '0.1.6-no-external-plugins' ],
34 silly audit   '@babel/preset-react': [ '7.28.5' ],
34 silly audit   '@babel/preset-typescript': [ '7.28.5' ],
34 silly audit   '@babel/runtime': [ '7.28.4' ],
34 silly audit   '@babel/template': [ '7.28.6' ],
34 silly audit   '@babel/traverse': [ '7.29.0' ],
34 silly audit   '@babel/types': [ '7.29.0' ],
34 silly audit   '@date-fns/tz': [ '1.4.1' ],
34 silly audit   '@esbuild/aix-ppc64': [ '0.27.2' ],
34 silly audit   '@esbuild/android-arm': [ '0.27.2' ],
34 silly audit   '@esbuild/android-arm64': [ '0.27.2' ],
34 silly audit   '@esbuild/android-x64': [ '0.27.2' ],
34 silly audit   '@esbuild/darwin-arm64': [ '0.27.2' ],
34 silly audit   '@esbuild/darwin-x64': [ '0.27.2' ],
34 silly audit   '@esbuild/freebsd-arm64': [ '0.27.2' ],
34 silly audit   '@esbuild/freebsd-x64': [ '0.27.2' ],
34 silly audit   '@esbuild/linux-arm': [ '0.27.2' ],
34 silly audit   '@esbuild/linux-arm64': [ '0.27.2' ],
34 silly audit   '@esbuild/linux-ia32': [ '0.27.2' ],
34 silly audit   '@esbuild/linux-loong64': [ '0.27.2' ],
34 silly audit   '@esbuild/linux-mips64el': [ '0.27.2' ],
34 silly audit   '@esbuild/linux-ppc64': [ '0.27.2' ],
34 silly audit   '@esbuild/linux-riscv64': [ '0.27.2' ],
34 silly audit   '@esbuild/linux-s390x': [ '0.27.2' ],
34 silly audit   '@esbuild/linux-x64': [ '0.27.2' ],
34 silly audit   '@esbuild/netbsd-arm64': [ '0.27.2' ],
34 silly audit   '@esbuild/netbsd-x64': [ '0.27.2' ],
34 silly audit   '@esbuild/openbsd-arm64': [ '0.27.2' ],
34 silly audit   '@esbuild/openbsd-x64': [ '0.27.2' ],
34 silly audit   '@esbuild/openharmony-arm64': [ '0.27.2' ],
34 silly audit   '@esbuild/sunos-x64': [ '0.27.2' ],
34 silly audit   '@esbuild/win32-arm64': [ '0.27.2' ],
34 silly audit   '@esbuild/win32-ia32': [ '0.27.2' ],
34 silly audit   '@esbuild/win32-x64': [ '0.27.2' ],
34 silly audit   '@eslint-community/eslint-utils': [ '4.9.1' ],
34 silly audit   'eslint-visitor-keys': [ '3.4.3', '4.2.1' ],
34 silly audit   '@eslint-community/regexpp': [ '4.12.2' ],
34 silly audit   '@eslint/config-array': [ '0.21.1' ],
34 silly audit   '@eslint/config-helpers': [ '0.4.2' ],
34 silly audit   '@eslint/core': [ '0.17.0' ],
34 silly audit   '@eslint/eslintrc': [ '3.3.3' ],
34 silly audit   globals: [ '14.0.0', '16.5.0' ],
34 silly audit   '@eslint/js': [ '9.39.2' ],
34 silly audit   '@eslint/object-schema': [ '2.1.7' ],
34 silly audit   '@eslint/plugin-kit': [ '0.4.1' ],
34 silly audit   '@floating-ui/core': [ '1.7.3' ],
34 silly audit   '@floating-ui/dom': [ '1.7.4' ],
34 silly audit   '@floating-ui/react-dom': [ '2.1.6' ],
34 silly audit   '@floating-ui/utils': [ '0.2.10' ],
34 silly audit   '@hookform/resolvers': [ '5.2.2' ],
34 silly audit   '@humanfs/core': [ '0.19.1' ],
34 silly audit   '@humanfs/node': [ '0.16.7' ],
34 silly audit   '@humanwhocodes/module-importer': [ '1.0.1' ],
34 silly audit   '@humanwhocodes/retry': [ '0.4.3' ],
34 silly audit   '@jridgewell/gen-mapping': [ '0.3.13' ],
34 silly audit   '@jridgewell/remapping': [ '2.3.5' ],
34 silly audit   '@jridgewell/resolve-uri': [ '3.1.2' ],
34 silly audit   '@jridgewell/sourcemap-codec': [ '1.5.5' ],
34 silly audit   '@jridgewell/trace-mapping': [ '0.3.31' ],
34 silly audit   '@nodelib/fs.scandir': [ '2.1.5' ],
34 silly audit   '@nodelib/fs.stat': [ '2.0.5' ],
34 silly audit   '@nodelib/fs.walk': [ '1.2.8' ],
34 silly audit   '@radix-ui/number': [ '1.1.1' ],
34 silly audit   '@radix-ui/primitive': [ '1.1.3' ],
34 silly audit   '@radix-ui/react-accordion': [ '1.2.12' ],
34 silly audit   '@radix-ui/react-alert-dialog': [ '1.1.15' ],
34 silly audit   '@radix-ui/react-slot': [ '1.2.3', '1.2.4' ],
34 silly audit   '@radix-ui/react-arrow': [ '1.1.7' ],
34 silly audit   '@radix-ui/react-aspect-ratio': [ '1.1.8' ],
34 silly audit   '@radix-ui/react-primitive': [ '2.1.4', '2.1.3' ],
34 silly audit   '@radix-ui/react-avatar': [ '1.1.11' ],
34 silly audit   '@radix-ui/react-context': [ '1.1.3', '1.1.2' ],
34 silly audit   '@radix-ui/react-checkbox': [ '1.3.3' ],
34 silly audit   '@radix-ui/react-collapsible': [ '1.1.12' ],
34 silly audit   '@radix-ui/react-collection': [ '1.1.7' ],
34 silly audit   '@radix-ui/react-compose-refs': [ '1.1.2' ],
34 silly audit   '@radix-ui/react-context-menu': [ '2.2.16' ],
34 silly audit   '@radix-ui/react-dialog': [ '1.1.15' ],
34 silly audit   '@radix-ui/react-direction': [ '1.1.1' ],
34 silly audit   '@radix-ui/react-dismissable-layer': [ '1.1.11' ],
34 silly audit   '@radix-ui/react-dropdown-menu': [ '2.1.16' ],
34 silly audit   '@radix-ui/react-focus-guards': [ '1.1.3' ],
34 silly audit   '@radix-ui/react-focus-scope': [ '1.1.7' ],
34 silly audit   '@radix-ui/react-hover-card': [ '1.1.15' ],
34 silly audit   '@radix-ui/react-id': [ '1.1.1' ],
34 silly audit   '@radix-ui/react-label': [ '2.1.8' ],
34 silly audit   '@radix-ui/react-menu': [ '2.1.16' ],
34 silly audit   '@radix-ui/react-menubar': [ '1.1.16' ],
34 silly audit   '@radix-ui/react-navigation-menu': [ '1.2.14' ],
34 silly audit   '@radix-ui/react-popover': [ '1.1.15' ],
34 silly audit   '@radix-ui/react-popper': [ '1.2.8' ],
34 silly audit   '@radix-ui/react-portal': [ '1.1.9' ],
34 silly audit   '@radix-ui/react-presence': [ '1.1.5' ],
34 silly audit   '@radix-ui/react-progress': [ '1.1.8' ],
34 silly audit   '@radix-ui/react-radio-group': [ '1.3.8' ],
34 silly audit   '@radix-ui/react-roving-focus': [ '1.1.11' ],
34 silly audit   '@radix-ui/react-scroll-area': [ '1.2.10' ],
34 silly audit   '@radix-ui/react-select': [ '2.2.6' ],
34 silly audit   '@radix-ui/react-separator': [ '1.1.8' ],
34 silly audit   '@radix-ui/react-slider': [ '1.3.6' ],
34 silly audit   '@radix-ui/react-switch': [ '1.2.6' ],
34 silly audit   '@radix-ui/react-tabs': [ '1.1.13' ],
34 silly audit   '@radix-ui/react-toggle': [ '1.1.10' ],
34 silly audit   '@radix-ui/react-toggle-group': [ '1.1.11' ],
34 silly audit   '@radix-ui/react-tooltip': [ '1.2.8' ],
34 silly audit   '@radix-ui/react-use-callback-ref': [ '1.1.1' ],
34 silly audit   '@radix-ui/react-use-controllable-state': [ '1.2.2' ],
34 silly audit   '@radix-ui/react-use-effect-event': [ '0.0.2' ],
34 silly audit   '@radix-ui/react-use-escape-keydown': [ '1.1.1' ],
34 silly audit   '@radix-ui/react-use-is-hydrated': [ '0.1.0' ],
34 silly audit   '@radix-ui/react-use-layout-effect': [ '1.1.1' ],
34 silly audit   '@radix-ui/react-use-previous': [ '1.1.1' ],
34 silly audit   '@radix-ui/react-use-rect': [ '1.1.1' ],
34 silly audit   '@radix-ui/react-use-size': [ '1.1.1' ],
34 silly audit   '@radix-ui/react-visually-hidden': [ '1.2.3' ],
34 silly audit   '@radix-ui/rect': [ '1.1.1' ],
34 silly audit   '@rolldown/pluginutils': [ '1.0.0-beta.53' ],
34 silly audit   '@rollup/rollup-android-arm-eabi': [ '4.55.1' ],
34 silly audit   '@rollup/rollup-android-arm64': [ '4.55.1' ],
34 silly audit   '@rollup/rollup-darwin-arm64': [ '4.55.1' ],
34 silly audit   '@rollup/rollup-darwin-x64': [ '4.55.1' ],
34 silly audit   '@rollup/rollup-freebsd-arm64': [ '4.55.1' ],
34 silly audit   '@rollup/rollup-freebsd-x64': [ '4.55.1' ],
34 silly audit   '@rollup/rollup-linux-arm-gnueabihf': [ '4.55.1' ],
34 silly audit   '@rollup/rollup-linux-arm-musleabihf': [ '4.55.1' ],
34 silly audit   '@rollup/rollup-linux-arm64-gnu': [ '4.55.1' ],
34 silly audit   '@rollup/rollup-linux-arm64-musl': [ '4.55.1' ],
34 silly audit   '@rollup/rollup-linux-loong64-gnu': [ '4.55.1' ],
34 silly audit   '@rollup/rollup-linux-loong64-musl': [ '4.55.1' ],
34 silly audit   '@rollup/rollup-linux-ppc64-gnu': [ '4.55.1' ],
34 silly audit   '@rollup/rollup-linux-ppc64-musl': [ '4.55.1' ],
34 silly audit   '@rollup/rollup-linux-riscv64-gnu': [ '4.55.1' ],
34 silly audit   '@rollup/rollup-linux-riscv64-musl': [ '4.55.1' ],
34 silly audit   '@rollup/rollup-linux-s390x-gnu': [ '4.55.1' ],
34 silly audit   '@rollup/rollup-linux-x64-gnu': [ '4.55.1' ],
34 silly audit   '@rollup/rollup-linux-x64-musl': [ '4.55.1' ],
34 silly audit   '@rollup/rollup-openbsd-x64': [ '4.55.1' ],
34 silly audit   '@rollup/rollup-openharmony-arm64': [ '4.55.1' ],
34 silly audit   '@rollup/rollup-win32-arm64-msvc': [ '4.55.1' ],
34 silly audit   '@rollup/rollup-win32-ia32-msvc': [ '4.55.1' ],
34 silly audit   '@rollup/rollup-win32-x64-gnu': [ '4.55.1' ],
34 silly audit   '@rollup/rollup-win32-x64-msvc': [ '4.55.1' ],
34 silly audit   '@standard-schema/utils': [ '0.3.0' ],
34 silly audit   '@types/babel__core': [ '7.20.5' ],
34 silly audit   '@types/babel__generator': [ '7.27.0' ],
34 silly audit   '@types/babel__template': [ '7.4.4' ],
34 silly audit   '@types/babel__traverse': [ '7.28.0' ],
34 silly audit   '@types/d3-array': [ '3.2.2' ],
34 silly audit   '@types/d3-color': [ '3.1.3' ],
34 silly audit   '@types/d3-ease': [ '3.0.2' ],
34 silly audit   '@types/d3-interpolate': [ '3.0.4' ],
34 silly audit   '@types/d3-path': [ '3.1.1' ],
34 silly audit   '@types/d3-scale': [ '4.0.9' ],
34 silly audit   '@types/d3-shape': [ '3.1.7' ],
34 silly audit   '@types/d3-time': [ '3.0.4' ],
34 silly audit   '@types/d3-timer': [ '3.0.2' ],
34 silly audit   '@types/estree': [ '1.0.8' ],
34 silly audit   '@types/json-schema': [ '7.0.15' ],
34 silly audit   '@types/node': [ '24.10.4' ],
34 silly audit   '@types/react': [ '19.2.7' ],
34 silly audit   '@types/react-dom': [ '19.2.3' ],
34 silly audit   '@typescript-eslint/eslint-plugin': [ '8.52.0' ],
34 silly audit   ignore: [ '7.0.5', '5.3.2' ],
34 silly audit   '@typescript-eslint/parser': [ '8.52.0' ],
34 silly audit   '@typescript-eslint/project-service': [ '8.52.0' ],
34 silly audit   '@typescript-eslint/scope-manager': [ '8.52.0' ],
34 silly audit   '@typescript-eslint/tsconfig-utils': [ '8.52.0' ],
34 silly audit   '@typescript-eslint/type-utils': [ '8.52.0' ],
34 silly audit   '@typescript-eslint/types': [ '8.52.0' ],
34 silly audit   '@typescript-eslint/typescript-estree': [ '8.52.0' ],
34 silly audit   'brace-expansion': [ '2.0.2', '1.1.12' ],
34 silly audit   minimatch: [ '9.0.5', '3.1.2' ],
34 silly audit   semver: [ '7.7.3', '6.3.1' ],
34 silly audit   '@typescript-eslint/utils': [ '8.52.0' ],
34 silly audit   '@typescript-eslint/visitor-keys': [ '8.52.0' ],
34 silly audit   '@vitejs/plugin-react': [ '5.1.2' ],
34 silly audit   acorn: [ '8.15.0' ],
34 silly audit   'acorn-jsx': [ '5.3.2' ],
34 silly audit   ajv: [ '6.12.6' ],
34 silly audit   'ansi-styles': [ '4.3.0' ],
34 silly audit   'any-promise': [ '1.3.0' ],
34 silly audit   anymatch: [ '3.1.3' ],
34 silly audit   picomatch: [ '2.3.1', '4.0.3' ],
34 silly audit   arg: [ '5.0.2' ],
34 silly audit   argparse: [ '2.0.1' ],
34 silly audit   'aria-hidden': [ '1.2.6' ],
34 silly audit   autoprefixer: [ '10.4.23' ],
34 silly audit   'babel-plugin-polyfill-corejs2': [ '0.4.15' ],
34 silly audit   'babel-plugin-polyfill-corejs3': [ '0.14.0' ],
34 silly audit   'babel-plugin-polyfill-regenerator': [ '0.6.6' ],
34 silly audit   'balanced-match': [ '1.0.2' ],
34 silly audit   'baseline-browser-mapping': [ '2.9.11' ],
34 silly audit   'binary-extensions': [ '2.3.0' ],
34 silly audit   braces: [ '3.0.3' ],
34 silly audit   browserslist: [ '4.28.1' ],
34 silly audit   callsites: [ '3.1.0' ],
34 silly audit   'camelcase-css': [ '2.0.1' ],
34 silly audit   'caniuse-lite': [ '1.0.30001762' ],
34 silly audit   chalk: [ '4.1.2' ],
34 silly audit   chokidar: [ '3.6.0' ],
34 silly audit   'glob-parent': [ '5.1.2', '6.0.2' ],
34 silly audit   'class-variance-authority': [ '0.7.1' ],
34 silly audit   clsx: [ '2.1.1' ],
34 silly audit   cmdk: [ '1.1.1' ],
34 silly audit   'color-convert': [ '2.0.1' ],
34 silly audit   'color-name': [ '1.1.4' ],
34 silly audit   commander: [ '4.1.1' ],
34 silly audit   'concat-map': [ '0.0.1' ],
34 silly audit   'convert-source-map': [ '2.0.0' ],
34 silly audit   cookie: [ '1.1.1' ],
34 silly audit   'core-js-compat': [ '3.48.0' ],
34 silly audit   'cross-spawn': [ '7.0.6' ],
34 silly audit   cssesc: [ '3.0.0' ],
34 silly audit   csstype: [ '3.2.3' ],
34 silly audit   'd3-array': [ '3.2.4' ],
34 silly audit   'd3-color': [ '3.1.0' ],
34 silly audit   'd3-ease': [ '3.0.1' ],
34 silly audit   'd3-format': [ '3.1.0' ],
34 silly audit   'd3-interpolate': [ '3.0.1' ],
34 silly audit   'd3-path': [ '3.1.0' ],
34 silly audit   'd3-scale': [ '4.0.2' ],
34 silly audit   'd3-shape': [ '3.2.0' ],
34 silly audit   'd3-time': [ '3.1.0' ],
34 silly audit   'd3-time-format': [ '4.1.0' ],
34 silly audit   'd3-timer': [ '3.0.1' ],
34 silly audit   'date-fns': [ '4.1.0' ],
34 silly audit   'date-fns-jalali': [ '4.1.0-0' ],
34 silly audit   debug: [ '4.4.3' ],
34 silly audit   'decimal.js-light': [ '2.5.1' ],
34 silly audit   'deep-is': [ '0.1.4' ],
34 silly audit   'detect-node-es': [ '1.1.0' ],
34 silly audit   didyoumean: [ '1.2.2' ],
34 silly audit   dlv: [ '1.1.3' ],
34 silly audit   'dom-helpers': [ '5.2.1' ],
34 silly audit   'electron-to-chromium': [ '1.5.267' ],
34 silly audit   'embla-carousel': [ '8.6.0' ],
34 silly audit   'embla-carousel-react': [ '8.6.0' ],
34 silly audit   'embla-carousel-reactive-utils': [ '8.6.0' ],
34 silly audit   esbuild: [ '0.27.2' ],
34 silly audit   escalade: [ '3.2.0' ],
34 silly audit   'escape-string-regexp': [ '4.0.0' ],
34 silly audit   eslint: [ '9.39.2' ],
34 silly audit   'eslint-plugin-react-hooks': [ '7.0.1' ],
34 silly audit   'eslint-plugin-react-refresh': [ '0.4.26' ],
34 silly audit   'eslint-scope': [ '8.4.0' ],
34 silly audit   espree: [ '10.4.0' ],
34 silly audit   esquery: [ '1.7.0' ],
34 silly audit   esrecurse: [ '4.3.0' ],
34 silly audit   estraverse: [ '5.3.0' ],
34 silly audit   esutils: [ '2.0.3' ],
34 silly audit   eventemitter3: [ '4.0.7' ],
34 silly audit   'fast-deep-equal': [ '3.1.3' ],
34 silly audit   'fast-equals': [ '5.4.0' ],
34 silly audit   'fast-glob': [ '3.3.3' ],
34 silly audit   'fast-json-stable-stringify': [ '2.1.0' ],
34 silly audit   'fast-levenshtein': [ '2.0.6' ],
34 silly audit   fastq: [ '1.20.1' ],
34 silly audit   fdir: [ '6.5.0' ],
34 silly audit   'file-entry-cache': [ '8.0.0' ],
34 silly audit   'fill-range': [ '7.1.1' ],
34 silly audit   'find-up': [ '5.0.0' ],
34 silly audit   'flat-cache': [ '4.0.1' ],
34 silly audit   flatted: [ '3.3.3' ],
34 silly audit   'fraction.js': [ '5.3.4' ],
34 silly audit   fsevents: [ '2.3.3' ],
34 silly audit   'function-bind': [ '1.1.2' ],
34 silly audit   gensync: [ '1.0.0-beta.2' ],
34 silly audit   'get-nonce': [ '1.0.1' ],
34 silly audit   'has-flag': [ '4.0.0' ],
34 silly audit   hasown: [ '2.0.2' ],
34 silly audit   'hermes-estree': [ '0.25.1' ],
34 silly audit   'hermes-parser': [ '0.25.1' ],
34 silly audit   'import-fresh': [ '3.3.1' ],
34 silly audit   imurmurhash: [ '0.1.4' ],
34 silly audit   'input-otp': [ '1.4.2' ],
34 silly audit   internmap: [ '2.0.3' ],
34 silly audit   'is-binary-path': [ '2.1.0' ],
34 silly audit   'is-core-module': [ '2.16.1' ],
34 silly audit   'is-extglob': [ '2.1.1' ],
34 silly audit   'is-glob': [ '4.0.3' ],
34 silly audit   'is-number': [ '7.0.0' ],
34 silly audit   isexe: [ '2.0.0' ],
34 silly audit   jiti: [ '1.21.7' ],
34 silly audit   'js-tokens': [ '4.0.0' ],
34 silly audit   'js-yaml': [ '4.1.1' ],
34 silly audit   jsesc: [ '3.1.0' ],
34 silly audit   'json-buffer': [ '3.0.1' ],
34 silly audit   'json-schema-traverse': [ '0.4.1' ],
34 silly audit   'json-stable-stringify-without-jsonify': [ '1.0.1' ],
34 silly audit   json5: [ '2.2.3' ],
34 silly audit   keyv: [ '4.5.4' ],
34 silly audit   levn: [ '0.4.1' ],
34 silly audit   lilconfig: [ '3.1.3' ],
34 silly audit   'lines-and-columns': [ '1.2.4' ],
34 silly audit   'locate-path': [ '6.0.0' ],
34 silly audit   lodash: [ '4.17.21' ],
34 silly audit   'lodash.debounce': [ '4.0.8' ],
34 silly audit   'lodash.merge': [ '4.6.2' ],
34 silly audit   'loose-envify': [ '1.4.0' ],
34 silly audit   'lru-cache': [ '5.1.1' ],
34 silly audit   'lucide-react': [ '0.562.0' ],
34 silly audit   'magic-string': [ '0.30.21' ],
34 silly audit   merge2: [ '1.4.1' ],
34 silly audit   micromatch: [ '4.0.8' ],
34 silly audit   ms: [ '2.1.3' ],
34 silly audit   mz: [ '2.7.0' ],
34 silly audit   nanoid: [ '3.3.11' ],
34 silly audit   'natural-compare': [ '1.4.0' ],
34 silly audit   'next-themes': [ '0.4.6' ],
34 silly audit   'node-releases': [ '2.0.27' ],
34 silly audit   'normalize-path': [ '3.0.0' ],
34 silly audit   'object-assign': [ '4.1.1' ],
34 silly audit   'object-hash': [ '3.0.0' ],
34 silly audit   optionator: [ '0.9.4' ],
34 silly audit   'p-limit': [ '3.1.0' ],
34 silly audit   'p-locate': [ '5.0.0' ],
34 silly audit   'parent-module': [ '1.0.1' ],
34 silly audit   'path-exists': [ '4.0.0' ],
34 silly audit   'path-key': [ '3.1.1' ],
34 silly audit   'path-parse': [ '1.0.7' ],
34 silly audit   picocolors: [ '1.1.1' ],
34 silly audit   pify: [ '2.3.0' ],
34 silly audit   pirates: [ '4.0.7' ],
34 silly audit   'plugin-inspect-react-code': [ '1.0.3' ],
34 silly audit   postcss: [ '8.5.6' ],
34 silly audit   'postcss-import': [ '15.1.0' ],
34 silly audit   'postcss-js': [ '4.1.0' ],
34 silly audit   'postcss-load-config': [ '6.0.1' ],
34 silly audit   'postcss-nested': [ '6.2.0' ],
34 silly audit   'postcss-selector-parser': [ '6.1.2' ],
34 silly audit   'postcss-value-parser': [ '4.2.0' ],
34 silly audit   'prelude-ls': [ '1.2.1' ],
34 silly audit   'prop-types': [ '15.8.1' ],
34 silly audit   'react-is': [ '16.13.1', '18.3.1' ],
34 silly audit   punycode: [ '2.3.1' ],
34 silly audit   'queue-microtask': [ '1.2.3' ],
34 silly audit   react: [ '19.2.3' ],
34 silly audit   'react-day-picker': [ '9.13.0' ],
34 silly audit   'react-dom': [ '19.2.3' ],
34 silly audit   'react-refresh': [ '0.18.0' ],
34 silly audit   'react-remove-scroll': [ '2.7.2' ],
34 silly audit   'react-remove-scroll-bar': [ '2.3.8' ],
34 silly audit   'react-resizable-panels': [ '4.2.2' ],
34 silly audit   'react-router': [ '7.15.0' ],
34 silly audit   'react-smooth': [ '4.0.4' ],
34 silly audit   'react-style-singleton': [ '2.2.3' ],
34 silly audit   'react-transition-group': [ '4.4.5' ],
34 silly audit   'read-cache': [ '1.0.0' ],
34 silly audit   readdirp: [ '3.6.0' ],
34 silly audit   recharts: [ '2.15.4' ],
34 silly audit   'recharts-scale': [ '0.4.5' ],
34 silly audit   regenerate: [ '1.4.2' ],
34 silly audit   'regenerate-unicode-properties': [ '10.2.2' ],
34 silly audit   'regexpu-core': [ '6.4.0' ],
34 silly audit   regjsgen: [ '0.8.0' ],
34 silly audit   regjsparser: [ '0.13.0' ],
34 silly audit   resolve: [ '1.22.11' ],
34 silly audit   'resolve-from': [ '4.0.0' ],
34 silly audit   reusify: [ '1.1.0' ],
34 silly audit   rollup: [ '4.55.1' ],
34 silly audit   'run-parallel': [ '1.2.0' ],
34 silly audit   scheduler: [ '0.27.0' ],
34 silly audit   'set-cookie-parser': [ '2.7.2' ],
34 silly audit   'shebang-command': [ '2.0.0' ],
34 silly audit   'shebang-regex': [ '3.0.0' ],
34 silly audit   sonner: [ '2.0.7' ],
34 silly audit   'source-map-js': [ '1.2.1' ],
34 silly audit   'strip-json-comments': [ '3.1.1' ],
34 silly audit   sucrase: [ '3.35.1' ],
34 silly audit   'supports-color': [ '7.2.0' ],
34 silly audit   'supports-preserve-symlinks-flag': [ '1.0.0' ],
34 silly audit   'tailwind-merge': [ '3.4.0' ],
34 silly audit   tailwindcss: [ '3.4.19' ],
34 silly audit   'tailwindcss-animate': [ '1.0.7' ],
34 silly audit   thenify: [ '3.3.1' ],
34 silly audit   'thenify-all': [ '1.6.0' ],
34 silly audit   'tiny-invariant': [ '1.3.3' ],
34 silly audit   tinyglobby: [ '0.2.15' ],
34 silly audit   'to-regex-range': [ '5.0.1' ],
34 silly audit   'ts-api-utils': [ '2.4.0' ],
34 silly audit   'ts-interface-checker': [ '0.1.13' ],
34 silly audit   tslib: [ '2.8.1' ],
34 silly audit   'tw-animate-css': [ '1.4.0' ],
34 silly audit   'type-check': [ '0.4.0' ],
34 silly audit   typescript: [ '5.9.3' ],
34 silly audit   'typescript-eslint': [ '8.52.0' ],
34 silly audit   'undici-types': [ '7.16.0' ],
34 silly audit   'unicode-canonical-property-names-ecmascript': [ '2.0.1' ],
34 silly audit   'unicode-match-property-ecmascript': [ '2.0.0' ],
34 silly audit   'unicode-match-property-value-ecmascript': [ '2.2.1' ],
34 silly audit   'unicode-property-aliases-ecmascript': [ '2.2.0' ],
34 silly audit   'update-browserslist-db': [ '1.2.3' ],
34 silly audit   'uri-js': [ '4.4.1' ],
34 silly audit   'use-callback-ref': [ '1.3.3' ],
34 silly audit   'use-sidecar': [ '1.1.3' ],
34 silly audit   'use-sync-external-store': [ '1.6.0' ],
34 silly audit   'util-deprecate': [ '1.0.2' ],
34 silly audit   vaul: [ '1.1.2' ],
34 silly audit   'victory-vendor': [ '36.9.2' ],
34 silly audit   vite: [ '7.3.0' ],
34 silly audit   which: [ '2.0.2' ],
34 silly audit   'word-wrap': [ '1.2.5' ],
34 silly audit   yallist: [ '3.1.1' ],
34 silly audit   'yocto-queue': [ '0.1.0' ],
34 silly audit   zod: [ '4.3.5' ],
34 silly audit   'zod-validation-error': [ '4.0.2' ],
34 silly audit   'react-hook-form': [ '7.75.0' ],
34 silly audit   'react-router-dom': [ '7.15.0' ]
34 silly audit }
35 http cache react-router-dom@https://registry.npmjs.org/react-router-dom/-/react-router-dom-7.15.0.tgz 0ms (cache hit)
36 http cache react-hook-form@https://registry.npmjs.org/react-hook-form/-/react-hook-form-7.75.0.tgz 0ms (cache hit)
37 silly tarball no local data for react-router-dom@https://registry.npmjs.org/react-router-dom/-/react-router-dom-7.15.0.tgz. Extracting by manifest.
38 silly tarball no local data for react-hook-form@https://registry.npmjs.org/react-hook-form/-/react-hook-form-7.75.0.tgz. Extracting by manifest.
39 http fetch POST 200 https://registry.npmjs.org/-/npm/v1/security/advisories/bulk 253ms
40 silly audit report {
40 silly audit report   'brace-expansion': [
40 silly audit report     {
40 silly audit report       id: 1115540,
40 silly audit report       url: 'https://github.com/advisories/GHSA-f886-m6hf-6m8v',
40 silly audit report       title: 'brace-expansion: Zero-step sequence causes process hang and memory exhaustion',
40 silly audit report       severity: 'moderate',
40 silly audit report       vulnerable_versions: '<1.1.13',
40 silly audit report       cwe: [Array],
40 silly audit report       cvss: [Object]
40 silly audit report     },
40 silly audit report     {
40 silly audit report       id: 1115541,
40 silly audit report       url: 'https://github.com/advisories/GHSA-f886-m6hf-6m8v',
40 silly audit report       title: 'brace-expansion: Zero-step sequence causes process hang and memory exhaustion',
40 silly audit report       severity: 'moderate',
40 silly audit report       vulnerable_versions: '>=2.0.0 <2.0.3',
40 silly audit report       cwe: [Array],
40 silly audit report       cvss: [Object]
40 silly audit report     }
40 silly audit report   ],
40 silly audit report   minimatch: [
40 silly audit report     {
40 silly audit report       id: 1113459,
40 silly audit report       url: 'https://github.com/advisories/GHSA-3ppc-4f35-3m26',
40 silly audit report       title: 'minimatch has a ReDoS via repeated wildcards with non-matching literal in pattern',
40 silly audit report       severity: 'high',
40 silly audit report       vulnerable_versions: '<3.1.3',
40 silly audit report       cwe: [Array],
40 silly audit report       cvss: [Object]
40 silly audit report     },
40 silly audit report     {
40 silly audit report       id: 1113465,
40 silly audit report       url: 'https://github.com/advisories/GHSA-3ppc-4f35-3m26',
40 silly audit report       title: 'minimatch has a ReDoS via repeated wildcards with non-matching literal in pattern',
40 silly audit report       severity: 'high',
40 silly audit report       vulnerable_versions: '>=9.0.0 <9.0.6',
40 silly audit report       cwe: [Array],
40 silly audit report       cvss: [Object]
40 silly audit report     },
40 silly audit report     {
40 silly audit report       id: 1113538,
40 silly audit report       url: 'https://github.com/advisories/GHSA-7r86-cg39-jmmj',
40 silly audit report       title: 'minimatch has ReDoS: matchOne() combinatorial backtracking via multiple non-adjacent GLOBSTAR segments',
40 silly audit report       severity: 'high',
40 silly audit report       vulnerable_versions: '<3.1.3',
40 silly audit report       cwe: [Array],
40 silly audit report       cvss: [Object]
40 silly audit report     },
40 silly audit report     {
40 silly audit report       id: 1113544,
40 silly audit report       url: 'https://github.com/advisories/GHSA-7r86-cg39-jmmj',
40 silly audit report       title: 'minimatch has ReDoS: matchOne() combinatorial backtracking via multiple non-adjacent GLOBSTAR segments',
40 silly audit report       severity: 'high',
40 silly audit report       vulnerable_versions: '>=9.0.0 <9.0.7',
40 silly audit report       cwe: [Array],
40 silly audit report       cvss: [Object]
40 silly audit report     },
40 silly audit report     {
40 silly audit report       id: 1113546,
40 silly audit report       url: 'https://github.com/advisories/GHSA-23c5-xmqv-rm74',
40 silly audit report       title: 'minimatch ReDoS: nested *() extglobs generate catastrophically backtracking regular expressions',
40 silly audit report       severity: 'high',
40 silly audit report       vulnerable_versions: '<3.1.4',
40 silly audit report       cwe: [Array],
40 silly audit report       cvss: [Object]
40 silly audit report     },
40 silly audit report     {
40 silly audit report       id: 1113552,
40 silly audit report       url: 'https://github.com/advisories/GHSA-23c5-xmqv-rm74',
40 silly audit report       title: 'minimatch ReDoS: nested *() extglobs generate catastrophically backtracking regular expressions',
40 silly audit report       severity: 'high',
40 silly audit report       vulnerable_versions: '>=9.0.0 <9.0.7',
40 silly audit report       cwe: [Array],
40 silly audit report       cvss: [Object]
40 silly audit report     }
40 silly audit report   ],
40 silly audit report   ajv: [
40 silly audit report     {
40 silly audit report       id: 1113714,
40 silly audit report       url: 'https://github.com/advisories/GHSA-2g4f-4pwh-qvx6',
40 silly audit report       title: 'ajv has ReDoS when using `$data` option',
40 silly audit report       severity: 'moderate',
40 silly audit report       vulnerable_versions: '<6.14.0',
40 silly audit report       cwe: [Array],
40 silly audit report       cvss: [Object]
40 silly audit report     }
40 silly audit report   ],
40 silly audit report   picomatch: [
40 silly audit report     {
40 silly audit report       id: 1115549,
40 silly audit report       url: 'https://github.com/advisories/GHSA-3v7f-55p6-f55p',
40 silly audit report       title: 'Picomatch: Method Injection in POSIX Character Classes causes incorrect Glob Matching',
40 silly audit report       severity: 'moderate',
40 silly audit report       vulnerable_versions: '<2.3.2',
40 silly audit report       cwe: [Array],
40 silly audit report       cvss: [Object]
40 silly audit report     },
40 silly audit report     {
40 silly audit report       id: 1115551,
40 silly audit report       url: 'https://github.com/advisories/GHSA-3v7f-55p6-f55p',
40 silly audit report       title: 'Picomatch: Method Injection in POSIX Character Classes causes incorrect Glob Matching',
40 silly audit report       severity: 'moderate',
40 silly audit report       vulnerable_versions: '>=4.0.0 <4.0.4',
40 silly audit report       cwe: [Array],
40 silly audit report       cvss: [Object]
40 silly audit report     },
40 silly audit report     {
40 silly audit report       id: 1115552,
40 silly audit report       url: 'https://github.com/advisories/GHSA-c2c7-rcm5-vvqj',
40 silly audit report       title: 'Picomatch has a ReDoS vulnerability via extglob quantifiers',
40 silly audit report       severity: 'high',
40 silly audit report       vulnerable_versions: '<2.3.2',
40 silly audit report       cwe: [Array],
40 silly audit report       cvss: [Object]
40 silly audit report     },
40 silly audit report     {
40 silly audit report       id: 1115554,
40 silly audit report       url: 'https://github.com/advisories/GHSA-c2c7-rcm5-vvqj',
40 silly audit report       title: 'Picomatch has a ReDoS vulnerability via extglob quantifiers',
40 silly audit report       severity: 'high',
40 silly audit report       vulnerable_versions: '>=4.0.0 <4.0.4',
40 silly audit report       cwe: [Array],
40 silly audit report       cvss: [Object]
40 silly audit report     }
40 silly audit report   ],
40 silly audit report   flatted: [
40 silly audit report     {
40 silly audit report       id: 1114526,
40 silly audit report       url: 'https://github.com/advisories/GHSA-25h7-pfq9-p65f',
40 silly audit report       title: 'flatted vulnerable to unbounded recursion DoS in parse() revive phase',
40 silly audit report       severity: 'high',
40 silly audit report       vulnerable_versions: '<3.4.0',
40 silly audit report       cwe: [Array],
40 silly audit report       cvss: [Object]
40 silly audit report     },
40 silly audit report     {
40 silly audit report       id: 1115357,
40 silly audit report       url: 'https://github.com/advisories/GHSA-rf6f-7fwh-wjgh',
40 silly audit report       title: 'Prototype Pollution via parse() in NodeJS flatted',
40 silly audit report       severity: 'high',
40 silly audit report       vulnerable_versions: '<=3.4.1',
40 silly audit report       cwe: [Array],
40 silly audit report       cvss: [Object]
40 silly audit report     }
40 silly audit report   ],
40 silly audit report   lodash: [
40 silly audit report     {
40 silly audit report       id: 1112455,
40 silly audit report       url: 'https://github.com/advisories/GHSA-xxjr-mmjv-4gpg',
40 silly audit report       title: 'Lodash has Prototype Pollution Vulnerability in `_.unset` and `_.omit` functions',
40 silly audit report       severity: 'moderate',
40 silly audit report       vulnerable_versions: '>=4.0.0 <=4.17.22',
40 silly audit report       cwe: [Array],
40 silly audit report       cvss: [Object]
40 silly audit report     },
40 silly audit report     {
40 silly audit report       id: 1115806,
40 silly audit report       url: 'https://github.com/advisories/GHSA-r5fr-rjxr-66jc',
40 silly audit report       title: 'lodash vulnerable to Code Injection via `_.template` imports key names',
40 silly audit report       severity: 'high',
40 silly audit report       vulnerable_versions: '>=4.0.0 <=4.17.23',
40 silly audit report       cwe: [Array],
40 silly audit report       cvss: [Object]
40 silly audit report     },
40 silly audit report     {
40 silly audit report       id: 1115810,
40 silly audit report       url: 'https://github.com/advisories/GHSA-f23m-r3pf-42rh',
40 silly audit report       title: 'lodash vulnerable to Prototype Pollution via array path bypass in `_.unset` and `_.omit`',
40 silly audit report       severity: 'moderate',
40 silly audit report       vulnerable_versions: '<=4.17.23',
40 silly audit report       cwe: [Array],
40 silly audit report       cvss: [Object]
40 silly audit report     }
40 silly audit report   ],
40 silly audit report   postcss: [
40 silly audit report     {
40 silly audit report       id: 1117015,
40 silly audit report       url: 'https://github.com/advisories/GHSA-qx2v-qp2m-jg93',
40 silly audit report       title: 'PostCSS has XSS via Unescaped </style> in its CSS Stringify Output',
40 silly audit report       severity: 'moderate',
40 silly audit report       vulnerable_versions: '<8.5.10',
40 silly audit report       cwe: [Array],
40 silly audit report       cvss: [Object]
40 silly audit report     }
40 silly audit report   ],
40 silly audit report   rollup: [
40 silly audit report     {
40 silly audit report       id: 1113515,
40 silly audit report       url: 'https://github.com/advisories/GHSA-mw96-cpmx-2vgc',
40 silly audit report       title: 'Rollup 4 has Arbitrary File Write via Path Traversal',
40 silly audit report       severity: 'high',
40 silly audit report       vulnerable_versions: '>=4.0.0 <4.59.0',
40 silly audit report       cwe: [Array],
40 silly audit report       cvss: [Object]
40 silly audit report     }
40 silly audit report   ],
40 silly audit report   vite: [
40 silly audit report     {
40 silly audit report       id: 1116230,
40 silly audit report       url: 'https://github.com/advisories/GHSA-4w7w-66w2-5vf9',
40 silly audit report       title: 'Vite Vulnerable to Path Traversal in Optimized Deps `.map` Handling',
40 silly audit report       severity: 'moderate',
40 silly audit report       vulnerable_versions: '>=7.0.0 <=7.3.1',
40 silly audit report       cwe: [Array],
40 silly audit report       cvss: [Object]
40 silly audit report     },
40 silly audit report     {
40 silly audit report       id: 1116232,
40 silly audit report       url: 'https://github.com/advisories/GHSA-v2wj-q39q-566r',
40 silly audit report       title: 'Vite: `server.fs.deny` bypassed with queries',
40 silly audit report       severity: 'high',
40 silly audit report       vulnerable_versions: '>=7.1.0 <=7.3.1',
40 silly audit report       cwe: [Array],
40 silly audit report       cvss: [Object]
40 silly audit report     },
40 silly audit report     {
40 silly audit report       id: 1116235,
40 silly audit report       url: 'https://github.com/advisories/GHSA-p9ff-h696-f583',
40 silly audit report       title: 'Vite Vulnerable to Arbitrary File Read via Vite Dev Server WebSocket',
40 silly audit report       severity: 'high',
40 silly audit report       vulnerable_versions: '>=7.0.0 <=7.3.1',
40 silly audit report       cwe: [Array],
40 silly audit report       cvss: [Object]
40 silly audit report     }
40 silly audit report   ]
40 silly audit report }
41 silly packumentCache corgi:https://registry.npmjs.org/brace-expansion cache-miss
42 silly packumentCache corgi:https://registry.npmjs.org/minimatch cache-miss
43 silly packumentCache corgi:https://registry.npmjs.org/ajv cache-miss
44 silly packumentCache corgi:https://registry.npmjs.org/picomatch cache-miss
45 silly packumentCache corgi:https://registry.npmjs.org/flatted cache-miss
46 silly packumentCache corgi:https://registry.npmjs.org/lodash cache-miss
47 silly packumentCache corgi:https://registry.npmjs.org/postcss cache-miss
48 silly packumentCache corgi:https://registry.npmjs.org/rollup cache-miss
49 silly packumentCache corgi:https://registry.npmjs.org/vite cache-miss
50 http cache https://registry.npmjs.org/postcss 17ms (cache hit)
51 silly packumentCache corgi:https://registry.npmjs.org/postcss set size:343873 disposed:false
52 http cache https://registry.npmjs.org/ajv 23ms (cache hit)
53 silly packumentCache corgi:https://registry.npmjs.org/ajv set size:467559 disposed:false
54 http cache https://registry.npmjs.org/picomatch 27ms (cache hit)
55 silly packumentCache corgi:https://registry.npmjs.org/picomatch set size:44414 disposed:false
56 http cache https://registry.npmjs.org/lodash 27ms (cache hit)
57 silly packumentCache corgi:https://registry.npmjs.org/lodash set size:69555 disposed:false
58 http cache https://registry.npmjs.org/brace-expansion 32ms (cache hit)
59 silly packumentCache corgi:https://registry.npmjs.org/brace-expansion set size:23348 disposed:false
60 http cache https://registry.npmjs.org/minimatch 32ms (cache hit)
61 silly packumentCache corgi:https://registry.npmjs.org/minimatch set size:168441 disposed:false
62 http cache https://registry.npmjs.org/flatted 33ms (cache hit)
63 silly packumentCache corgi:https://registry.npmjs.org/flatted set size:57858 disposed:false
64 http cache https://registry.npmjs.org/rollup 37ms (cache hit)
65 silly packumentCache corgi:https://registry.npmjs.org/rollup set size:2564296 disposed:false
66 http cache https://registry.npmjs.org/vite 61ms (cache hit)
67 silly packumentCache corgi:https://registry.npmjs.org/vite set size:2240862 disposed:false
68 silly packumentCache corgi:https://registry.npmjs.org/@eslint%2fconfig-array cache-miss
69 silly packumentCache corgi:https://registry.npmjs.org/@eslint%2feslintrc cache-miss
70 silly packumentCache corgi:https://registry.npmjs.org/eslint cache-miss
71 http cache https://registry.npmjs.org/@eslint%2fconfig-array 4ms (cache hit)
72 silly packumentCache corgi:https://registry.npmjs.org/@eslint%2fconfig-array set size:19036 disposed:false
73 http cache https://registry.npmjs.org/eslint 7ms (cache hit)
74 silly packumentCache corgi:https://registry.npmjs.org/eslint set size:1154211 disposed:false
75 http cache https://registry.npmjs.org/@eslint%2feslintrc 15ms (cache hit)
76 silly packumentCache corgi:https://registry.npmjs.org/@eslint%2feslintrc set size:83205 disposed:false
77 silly packumentCache corgi:https://registry.npmjs.org/@typescript-eslint%2ftypescript-estree cache-miss
78 http cache https://registry.npmjs.org/@typescript-eslint%2ftypescript-estree 21ms (cache hit)
79 silly packumentCache corgi:https://registry.npmjs.org/@typescript-eslint%2ftypescript-estree set size:8642295 disposed:false
80 silly packumentCache corgi:https://registry.npmjs.org/anymatch cache-miss
81 silly packumentCache corgi:https://registry.npmjs.org/micromatch cache-miss
82 silly packumentCache corgi:https://registry.npmjs.org/readdirp cache-miss
83 http cache https://registry.npmjs.org/anymatch 5ms (cache hit)
84 silly packumentCache corgi:https://registry.npmjs.org/anymatch set size:18345 disposed:false
85 http cache https://registry.npmjs.org/micromatch 5ms (cache hit)
86 silly packumentCache corgi:https://registry.npmjs.org/micromatch set size:71776 disposed:false
87 http cache https://registry.npmjs.org/readdirp 5ms (cache hit)
88 silly packumentCache corgi:https://registry.npmjs.org/readdirp set size:47123 disposed:false
89 silly packumentCache corgi:https://registry.npmjs.org/fdir cache-miss
90 silly packumentCache corgi:https://registry.npmjs.org/tinyglobby cache-miss
91 http cache https://registry.npmjs.org/fdir 9ms (cache hit)
92 silly packumentCache corgi:https://registry.npmjs.org/fdir set size:76905 disposed:false
93 http cache https://registry.npmjs.org/tinyglobby 9ms (cache hit)
94 silly packumentCache corgi:https://registry.npmjs.org/tinyglobby set size:18884 disposed:false
95 silly packumentCache corgi:https://registry.npmjs.org/flat-cache cache-miss
96 http cache https://registry.npmjs.org/flat-cache 1ms (cache hit)
97 silly packumentCache corgi:https://registry.npmjs.org/flat-cache set size:50282 disposed:false
98 silly packumentCache corgi:https://registry.npmjs.org/recharts cache-miss
99 http cache https://registry.npmjs.org/recharts 7ms (cache hit)
100 silly packumentCache corgi:https://registry.npmjs.org/recharts set size:785054 disposed:false
101 silly packumentCache corgi:https://registry.npmjs.org/autoprefixer cache-miss
102 silly packumentCache corgi:https://registry.npmjs.org/postcss-import cache-miss
103 silly packumentCache corgi:https://registry.npmjs.org/postcss-js cache-miss
104 silly packumentCache corgi:https://registry.npmjs.org/postcss-load-config cache-miss
105 silly packumentCache corgi:https://registry.npmjs.org/postcss-nested cache-miss
106 silly packumentCache corgi:https://registry.npmjs.org/tailwindcss cache-miss
107 http cache https://registry.npmjs.org/postcss-import 15ms (cache hit)
108 silly packumentCache corgi:https://registry.npmjs.org/postcss-import set size:52251 disposed:false
109 http cache https://registry.npmjs.org/postcss-load-config 16ms (cache hit)
110 silly packumentCache corgi:https://registry.npmjs.org/postcss-load-config set size:37999 disposed:false
111 http cache https://registry.npmjs.org/postcss-js 18ms (cache hit)
112 silly packumentCache corgi:https://registry.npmjs.org/postcss-js set size:25314 disposed:false
113 http cache https://registry.npmjs.org/autoprefixer 22ms (cache hit)
114 silly packumentCache corgi:https://registry.npmjs.org/autoprefixer set size:298545 disposed:false
115 http cache https://registry.npmjs.org/postcss-nested 22ms (cache hit)
116 silly packumentCache corgi:https://registry.npmjs.org/postcss-nested set size:41645 disposed:false
117 http cache https://registry.npmjs.org/tailwindcss 29ms (cache hit)
118 silly packumentCache corgi:https://registry.npmjs.org/tailwindcss set size:4686681 disposed:false
119 silly packumentCache corgi:https://registry.npmjs.org/@vitejs%2fplugin-react cache-miss
120 silly packumentCache corgi:https://registry.npmjs.org/plugin-inspect-react-code cache-miss
121 http cache https://registry.npmjs.org/@vitejs%2fplugin-react 7ms (cache hit)
122 silly packumentCache corgi:https://registry.npmjs.org/@vitejs%2fplugin-react set size:112470 disposed:false
123 http cache https://registry.npmjs.org/plugin-inspect-react-code 9ms (cache hit)
124 silly packumentCache corgi:https://registry.npmjs.org/plugin-inspect-react-code set size:1077 disposed:false
125 http fetch GET 200 https://registry.npmjs.org/react-router-dom/-/react-router-dom-7.15.0.tgz 914ms (cache miss)
126 http fetch GET 200 https://registry.npmjs.org/react-hook-form/-/react-hook-form-7.75.0.tgz 1428ms (cache miss)
127 silly ADD node_modules/react-router-dom
128 silly CHANGE node_modules/react-hook-form
129 verbose cwd /app/.agents/skills/webapp-building-swarm/scripts/template
130 verbose os Linux 5.10.134-19.1.al8.x86_64
131 verbose node v20.20.2
132 verbose npm  v11.14.0
133 verbose exit 0
134 info ok
