0 verbose cli /usr/bin/node /usr/bin/npm
1 info using npm@11.14.0
2 info using node@v20.20.2
3 silly config load:file:/usr/lib/node_modules/npm/npmrc
4 silly config load:file:/app/.agents/skills/backend-building/scripts/template/.npmrc
5 silly config load:file:/home/kimi/.npmrc
6 silly config load:file:/home/kimi/.npm-global/etc/npmrc
7 verbose title npm install
8 verbose argv "install" "--prefer-offline"
9 verbose logfile logs-max:10 dir:/home/kimi/.npm-cache/_logs/2026-05-08T10_49_36_113Z-
10 verbose logfile /home/kimi/.npm-cache/_logs/2026-05-08T10_49_36_113Z-debug-0.log
11 silly logfile done cleaning log files
12 silly packumentCache heap:4345298944 maxSize:1086324736 maxEntrySize:543162368
13 silly idealTree buildDeps
14 silly reify moves {}
15 silly audit bulk request {
15 silly audit   '@aws-crypto/crc32': [ '5.2.0' ],
15 silly audit   '@aws-crypto/crc32c': [ '5.2.0' ],
15 silly audit   '@aws-crypto/sha1-browser': [ '5.2.0' ],
15 silly audit   '@smithy/is-array-buffer': [ '2.2.0', '4.2.2' ],
15 silly audit   '@smithy/util-buffer-from': [ '2.2.0', '4.2.2' ],
15 silly audit   '@smithy/util-utf8': [ '2.3.0', '4.2.2' ],
15 silly audit   '@aws-crypto/sha256-browser': [ '5.2.0' ],
15 silly audit   '@aws-crypto/sha256-js': [ '5.2.0' ],
15 silly audit   '@aws-crypto/supports-web-crypto': [ '5.2.0' ],
15 silly audit   '@aws-crypto/util': [ '5.2.0' ],
15 silly audit   '@aws-sdk/client-s3': [ '3.1045.0' ],
15 silly audit   '@aws-sdk/core': [ '3.974.8' ],
15 silly audit   '@aws-sdk/crc64-nvme': [ '3.972.7' ],
15 silly audit   '@aws-sdk/credential-provider-env': [ '3.972.34' ],
15 silly audit   '@aws-sdk/credential-provider-http': [ '3.972.36' ],
15 silly audit   '@aws-sdk/credential-provider-ini': [ '3.972.38' ],
15 silly audit   '@aws-sdk/credential-provider-login': [ '3.972.38' ],
15 silly audit   '@aws-sdk/credential-provider-node': [ '3.972.39' ],
15 silly audit   '@aws-sdk/credential-provider-process': [ '3.972.34' ],
15 silly audit   '@aws-sdk/credential-provider-sso': [ '3.972.38' ],
15 silly audit   '@aws-sdk/credential-provider-web-identity': [ '3.972.38' ],
15 silly audit   '@aws-sdk/middleware-bucket-endpoint': [ '3.972.10' ],
15 silly audit   '@aws-sdk/middleware-expect-continue': [ '3.972.10' ],
15 silly audit   '@aws-sdk/middleware-flexible-checksums': [ '3.974.16' ],
15 silly audit   '@aws-sdk/middleware-host-header': [ '3.972.10' ],
15 silly audit   '@aws-sdk/middleware-location-constraint': [ '3.972.10' ],
15 silly audit   '@aws-sdk/middleware-logger': [ '3.972.10' ],
15 silly audit   '@aws-sdk/middleware-recursion-detection': [ '3.972.11' ],
15 silly audit   '@aws-sdk/middleware-sdk-s3': [ '3.972.37' ],
15 silly audit   '@aws-sdk/middleware-ssec': [ '3.972.10' ],
15 silly audit   '@aws-sdk/middleware-user-agent': [ '3.972.38' ],
15 silly audit   '@aws-sdk/nested-clients': [ '3.997.6' ],
15 silly audit   '@aws-sdk/region-config-resolver': [ '3.972.13' ],
15 silly audit   '@aws-sdk/s3-request-presigner': [ '3.1045.0' ],
15 silly audit   '@aws-sdk/signature-v4-multi-region': [ '3.996.25' ],
15 silly audit   '@aws-sdk/token-providers': [ '3.1041.0' ],
15 silly audit   '@aws-sdk/types': [ '3.973.8' ],
15 silly audit   '@aws-sdk/util-arn-parser': [ '3.972.3' ],
15 silly audit   '@aws-sdk/util-endpoints': [ '3.996.8' ],
15 silly audit   '@aws-sdk/util-format-url': [ '3.972.10' ],
15 silly audit   '@aws-sdk/util-locate-window': [ '3.965.5' ],
15 silly audit   '@aws-sdk/util-user-agent-browser': [ '3.972.10' ],
15 silly audit   '@aws-sdk/util-user-agent-node': [ '3.973.24' ],
15 silly audit   '@aws-sdk/xml-builder': [ '3.972.22' ],
15 silly audit   '@aws/lambda-invoke-store': [ '0.2.4' ],
15 silly audit   '@drizzle-team/brocli': [ '0.10.2' ],
15 silly audit   '@emnapi/core': [ '1.10.0' ],
15 silly audit   '@emnapi/runtime': [ '1.10.0' ],
15 silly audit   '@emnapi/wasi-threads': [ '1.2.1' ],
15 silly audit   '@esbuild-kit/core-utils': [ '3.3.2' ],
15 silly audit   '@esbuild/android-arm': [ '0.18.20', '0.27.7', '0.25.12' ],
15 silly audit   '@esbuild/android-arm64': [ '0.18.20', '0.27.7', '0.25.12' ],
15 silly audit   '@esbuild/android-x64': [ '0.18.20', '0.27.7', '0.25.12' ],
15 silly audit   '@esbuild/darwin-arm64': [ '0.18.20', '0.27.7', '0.25.12' ],
15 silly audit   '@esbuild/darwin-x64': [ '0.18.20', '0.27.7', '0.25.12' ],
15 silly audit   '@esbuild/freebsd-arm64': [ '0.18.20', '0.27.7', '0.25.12' ],
15 silly audit   '@esbuild/freebsd-x64': [ '0.18.20', '0.27.7', '0.25.12' ],
15 silly audit   '@esbuild/linux-arm': [ '0.18.20', '0.27.7', '0.25.12' ],
15 silly audit   '@esbuild/linux-arm64': [ '0.18.20', '0.27.7', '0.25.12' ],
15 silly audit   '@esbuild/linux-ia32': [ '0.18.20', '0.27.7', '0.25.12' ],
15 silly audit   '@esbuild/linux-loong64': [ '0.18.20', '0.27.7', '0.25.12' ],
15 silly audit   '@esbuild/linux-mips64el': [ '0.18.20', '0.27.7', '0.25.12' ],
15 silly audit   '@esbuild/linux-ppc64': [ '0.18.20', '0.27.7', '0.25.12' ],
15 silly audit   '@esbuild/linux-riscv64': [ '0.18.20', '0.27.7', '0.25.12' ],
15 silly audit   '@esbuild/linux-s390x': [ '0.18.20', '0.27.7', '0.25.12' ],
15 silly audit   '@esbuild/linux-x64': [ '0.18.20', '0.27.7', '0.25.12' ],
15 silly audit   '@esbuild/netbsd-x64': [ '0.18.20', '0.27.7', '0.25.12' ],
15 silly audit   '@esbuild/openbsd-x64': [ '0.18.20', '0.27.7', '0.25.12' ],
15 silly audit   '@esbuild/sunos-x64': [ '0.18.20', '0.27.7', '0.25.12' ],
15 silly audit   '@esbuild/win32-arm64': [ '0.18.20', '0.27.7', '0.25.12' ],
15 silly audit   '@esbuild/win32-ia32': [ '0.18.20', '0.27.7', '0.25.12' ],
15 silly audit   '@esbuild/win32-x64': [ '0.18.20', '0.27.7', '0.25.12' ],
15 silly audit   esbuild: [ '0.18.20', '0.25.12', '0.27.7' ],
15 silly audit   '@esbuild-kit/esm-loader': [ '2.6.5' ],
15 silly audit   '@esbuild/aix-ppc64': [ '0.27.7', '0.25.12' ],
15 silly audit   '@esbuild/netbsd-arm64': [ '0.27.7', '0.25.12' ],
15 silly audit   '@esbuild/openbsd-arm64': [ '0.27.7', '0.25.12' ],
15 silly audit   '@esbuild/openharmony-arm64': [ '0.27.7', '0.25.12' ],
15 silly audit   '@hono/node-server': [ '1.19.14' ],
15 silly audit   '@hono/vite-dev-server': [ '0.19.1' ],
15 silly audit   '@jridgewell/sourcemap-codec': [ '1.5.5' ],
15 silly audit   '@napi-rs/wasm-runtime': [ '1.1.4' ],
15 silly audit   '@nodable/entities': [ '2.1.0' ],
15 silly audit   '@oxc-project/types': [ '0.128.0' ],
15 silly audit   '@rolldown/binding-android-arm64': [ '1.0.0-rc.18' ],
15 silly audit   '@rolldown/binding-darwin-arm64': [ '1.0.0-rc.18' ],
15 silly audit   '@rolldown/binding-darwin-x64': [ '1.0.0-rc.18' ],
15 silly audit   '@rolldown/binding-freebsd-x64': [ '1.0.0-rc.18' ],
15 silly audit   '@rolldown/binding-linux-arm-gnueabihf': [ '1.0.0-rc.18' ],
15 silly audit   '@rolldown/binding-linux-arm64-gnu': [ '1.0.0-rc.18' ],
15 silly audit   '@rolldown/binding-linux-arm64-musl': [ '1.0.0-rc.18' ],
15 silly audit   '@rolldown/binding-linux-ppc64-gnu': [ '1.0.0-rc.18' ],
15 silly audit   '@rolldown/binding-linux-s390x-gnu': [ '1.0.0-rc.18' ],
15 silly audit   '@rolldown/binding-linux-x64-gnu': [ '1.0.0-rc.18' ],
15 silly audit   '@rolldown/binding-linux-x64-musl': [ '1.0.0-rc.18' ],
15 silly audit   '@rolldown/binding-openharmony-arm64': [ '1.0.0-rc.18' ],
15 silly audit   '@rolldown/binding-wasm32-wasi': [ '1.0.0-rc.18' ],
15 silly audit   '@rolldown/binding-win32-arm64-msvc': [ '1.0.0-rc.18' ],
15 silly audit   '@rolldown/binding-win32-x64-msvc': [ '1.0.0-rc.18' ],
15 silly audit   '@rolldown/pluginutils': [ '1.0.0-rc.18' ],
15 silly audit   '@smithy/chunked-blob-reader': [ '5.2.2' ],
15 silly audit   '@smithy/chunked-blob-reader-native': [ '4.2.3' ],
15 silly audit   '@smithy/config-resolver': [ '4.4.17' ],
15 silly audit   '@smithy/core': [ '3.23.17' ],
15 silly audit   '@smithy/credential-provider-imds': [ '4.2.14' ],
15 silly audit   '@smithy/eventstream-codec': [ '4.2.14' ],
15 silly audit   '@smithy/eventstream-serde-browser': [ '4.2.14' ],
15 silly audit   '@smithy/eventstream-serde-config-resolver': [ '4.3.14' ],
15 silly audit   '@smithy/eventstream-serde-node': [ '4.2.14' ],
15 silly audit   '@smithy/eventstream-serde-universal': [ '4.2.14' ],
15 silly audit   '@smithy/fetch-http-handler': [ '5.3.17' ],
15 silly audit   '@smithy/hash-blob-browser': [ '4.2.15' ],
15 silly audit   '@smithy/hash-node': [ '4.2.14' ],
15 silly audit   '@smithy/hash-stream-node': [ '4.2.14' ],
15 silly audit   '@smithy/invalid-dependency': [ '4.2.14' ],
15 silly audit   '@smithy/md5-js': [ '4.2.14' ],
15 silly audit   '@smithy/middleware-content-length': [ '4.2.14' ],
15 silly audit   '@smithy/middleware-endpoint': [ '4.4.32' ],
15 silly audit   '@smithy/middleware-retry': [ '4.5.7' ],
15 silly audit   '@smithy/middleware-serde': [ '4.2.20' ],
15 silly audit   '@smithy/middleware-stack': [ '4.2.14' ],
15 silly audit   '@smithy/node-config-provider': [ '4.3.14' ],
15 silly audit   '@smithy/node-http-handler': [ '4.6.1' ],
15 silly audit   '@smithy/property-provider': [ '4.2.14' ],
15 silly audit   '@smithy/protocol-http': [ '5.3.14' ],
15 silly audit   '@smithy/querystring-builder': [ '4.2.14' ],
15 silly audit   '@smithy/querystring-parser': [ '4.2.14' ],
15 silly audit   '@smithy/service-error-classification': [ '4.3.1' ],
15 silly audit   '@smithy/shared-ini-file-loader': [ '4.4.9' ],
15 silly audit   '@smithy/signature-v4': [ '5.3.14' ],
15 silly audit   '@smithy/smithy-client': [ '4.12.13' ],
15 silly audit   '@smithy/types': [ '4.14.1' ],
15 silly audit   '@smithy/url-parser': [ '4.2.14' ],
15 silly audit   '@smithy/util-base64': [ '4.3.2' ],
15 silly audit   '@smithy/util-body-length-browser': [ '4.2.2' ],
15 silly audit   '@smithy/util-body-length-node': [ '4.2.3' ],
15 silly audit   '@smithy/util-config-provider': [ '4.2.2' ],
15 silly audit   '@smithy/util-defaults-mode-browser': [ '4.3.49' ],
15 silly audit   '@smithy/util-defaults-mode-node': [ '4.2.54' ],
15 silly audit   '@smithy/util-endpoints': [ '3.4.2' ],
15 silly audit   '@smithy/util-hex-encoding': [ '4.2.2' ],
15 silly audit   '@smithy/util-middleware': [ '4.2.14' ],
15 silly audit   '@smithy/util-retry': [ '4.3.8' ],
15 silly audit   '@smithy/util-stream': [ '4.5.25' ],
15 silly audit   '@smithy/util-uri-escape': [ '4.2.2' ],
15 silly audit   '@smithy/util-waiter': [ '4.3.0' ],
15 silly audit   '@smithy/uuid': [ '1.1.2' ],
15 silly audit   '@standard-schema/spec': [ '1.1.0' ],
15 silly audit   '@tanstack/query-core': [ '5.100.9' ],
15 silly audit   '@tanstack/react-query': [ '5.100.9' ],
15 silly audit   '@trpc/client': [ '11.17.0' ],
15 silly audit   '@trpc/react-query': [ '11.17.0' ],
15 silly audit   '@trpc/server': [ '11.17.0' ],
15 silly audit   '@tybys/wasm-util': [ '0.10.2' ],
15 silly audit   '@types/chai': [ '5.2.3' ],
15 silly audit   '@types/deep-eql': [ '4.0.2' ],
15 silly audit   '@types/estree': [ '1.0.9' ],
15 silly audit   '@types/node': [ '25.6.2' ],
15 silly audit   '@vitest/expect': [ '4.1.5' ],
15 silly audit   '@vitest/mocker': [ '4.1.5' ],
15 silly audit   '@vitest/pretty-format': [ '4.1.5' ],
15 silly audit   '@vitest/runner': [ '4.1.5' ],
15 silly audit   '@vitest/snapshot': [ '4.1.5' ],
15 silly audit   '@vitest/spy': [ '4.1.5' ],
15 silly audit   '@vitest/utils': [ '4.1.5' ],
15 silly audit   'assertion-error': [ '2.0.1' ],
15 silly audit   'aws-ssl-profiles': [ '1.1.2' ],
15 silly audit   'balanced-match': [ '1.0.2' ],
15 silly audit   bowser: [ '2.14.1' ],
15 silly audit   'brace-expansion': [ '2.1.0' ],
15 silly audit   'buffer-from': [ '1.1.2' ],
15 silly audit   chai: [ '6.2.2' ],
15 silly audit   'convert-source-map': [ '2.0.0' ],
15 silly audit   cookie: [ '1.1.1' ],
15 silly audit   'copy-anything': [ '4.0.5' ],
15 silly audit   denque: [ '2.1.0' ],
15 silly audit   'detect-libc': [ '2.1.2' ],
15 silly audit   dotenv: [ '17.4.2' ],
15 silly audit   'drizzle-kit': [ '0.31.10' ],
15 silly audit   'drizzle-orm': [ '0.45.2' ],
15 silly audit   'es-module-lexer': [ '2.1.0' ],
15 silly audit   'estree-walker': [ '3.0.3' ],
15 silly audit   'expect-type': [ '1.3.0' ],
15 silly audit   'fast-xml-builder': [ '1.1.9' ],
15 silly audit   'fast-xml-parser': [ '5.7.2' ],
15 silly audit   fdir: [ '6.5.0' ],
15 silly audit   fsevents: [ '2.3.3' ],
15 silly audit   'generate-function': [ '2.3.1' ],
15 silly audit   'get-tsconfig': [ '4.14.0' ],
15 silly audit   hono: [ '4.12.18' ],
15 silly audit   'iconv-lite': [ '0.7.2' ],
15 silly audit   'is-property': [ '1.0.2' ],
15 silly audit   'is-what': [ '5.5.0' ],
15 silly audit   jose: [ '6.1.3' ],
15 silly audit   lightningcss: [ '1.32.0' ],
15 silly audit   'lightningcss-android-arm64': [ '1.32.0' ],
15 silly audit   'lightningcss-darwin-arm64': [ '1.32.0' ],
15 silly audit   'lightningcss-darwin-x64': [ '1.32.0' ],
15 silly audit   'lightningcss-freebsd-x64': [ '1.32.0' ],
15 silly audit   'lightningcss-linux-arm-gnueabihf': [ '1.32.0' ],
15 silly audit   'lightningcss-linux-arm64-gnu': [ '1.32.0' ],
15 silly audit   'lightningcss-linux-arm64-musl': [ '1.32.0' ],
15 silly audit   'lightningcss-linux-x64-gnu': [ '1.32.0' ],
15 silly audit   'lightningcss-linux-x64-musl': [ '1.32.0' ],
15 silly audit   'lightningcss-win32-arm64-msvc': [ '1.32.0' ],
15 silly audit   'lightningcss-win32-x64-msvc': [ '1.32.0' ],
15 silly audit   long: [ '5.3.2' ],
15 silly audit   'lru.min': [ '1.1.4' ],
15 silly audit   'magic-string': [ '0.30.21' ],
15 silly audit   minimatch: [ '9.0.9' ],
15 silly audit   mysql2: [ '3.22.3' ],
15 silly audit   'named-placeholders': [ '1.1.6' ],
15 silly audit   nanoid: [ '5.1.11', '3.3.12' ],
15 silly audit   obug: [ '2.1.1' ],
15 silly audit   'path-expression-matcher': [ '1.5.0' ],
15 silly audit   pathe: [ '2.0.3' ],
15 silly audit   picocolors: [ '1.1.1' ],
15 silly audit   picomatch: [ '4.0.4' ],
15 silly audit   postcss: [ '8.5.14' ],
15 silly audit   prettier: [ '3.8.3' ],
15 silly audit   react: [ '19.2.6' ],
15 silly audit   'react-router': [ '7.15.0' ],
15 silly audit   'resolve-pkg-maps': [ '1.0.0' ],
15 silly audit   rolldown: [ '1.0.0-rc.18' ],
15 silly audit   'safer-buffer': [ '2.1.2' ],
15 silly audit   'set-cookie-parser': [ '2.7.2' ],
15 silly audit   siginfo: [ '2.0.0' ],
15 silly audit   'source-map': [ '0.6.1' ],
15 silly audit   'source-map-js': [ '1.2.1' ],
15 silly audit   'source-map-support': [ '0.5.21' ],
15 silly audit   'sql-escaper': [ '1.3.3' ],
15 silly audit   stackback: [ '0.0.2' ],
15 silly audit   'std-env': [ '4.1.0' ],
15 silly audit   strnum: [ '2.3.0' ],
15 silly audit   superjson: [ '2.2.6' ],
15 silly audit   tinybench: [ '2.9.0' ],
15 silly audit   tinyexec: [ '1.1.2' ],
15 silly audit   tinyglobby: [ '0.2.16' ],
15 silly audit   tinyrainbow: [ '3.1.0' ],
15 silly audit   tslib: [ '2.8.1' ],
15 silly audit   tsx: [ '4.21.0' ],
15 silly audit   typescript: [ '6.0.3' ],
15 silly audit   'undici-types': [ '7.19.2' ],
15 silly audit   vite: [ '8.0.11' ],
15 silly audit   vitest: [ '4.1.5' ],
15 silly audit   'why-is-node-running': [ '2.3.0' ],
15 silly audit   zod: [ '4.4.3' ]
15 silly audit }
16 http fetch POST 200 https://registry.npmjs.org/-/npm/v1/security/advisories/bulk 970ms
17 silly audit report {
17 silly audit report   esbuild: [
17 silly audit report     {
17 silly audit report       id: 1102341,
17 silly audit report       url: 'https://github.com/advisories/GHSA-67mh-4wv8-2f99',
17 silly audit report       title: 'esbuild enables any website to send any requests to the development server and read the response',
17 silly audit report       severity: 'moderate',
17 silly audit report       vulnerable_versions: '<=0.24.2',
17 silly audit report       cwe: [Array],
17 silly audit report       cvss: [Object]
17 silly audit report     }
17 silly audit report   ]
17 silly audit report }
18 silly packumentCache corgi:https://registry.npmjs.org/esbuild cache-miss
19 http cache https://registry.npmjs.org/esbuild 10ms (cache hit)
20 silly packumentCache corgi:https://registry.npmjs.org/esbuild set size:885757 disposed:false
21 silly packumentCache corgi:https://registry.npmjs.org/@esbuild-kit%2fcore-utils cache-miss
22 http cache https://registry.npmjs.org/@esbuild-kit%2fcore-utils 9ms (cache hit)
23 silly packumentCache corgi:https://registry.npmjs.org/@esbuild-kit%2fcore-utils set size:50014 disposed:false
24 silly packumentCache corgi:https://registry.npmjs.org/@esbuild-kit%2fesm-loader cache-miss
25 http cache https://registry.npmjs.org/@esbuild-kit%2fesm-loader 2ms (cache hit)
26 silly packumentCache corgi:https://registry.npmjs.org/@esbuild-kit%2fesm-loader set size:48202 disposed:false
27 silly packumentCache corgi:https://registry.npmjs.org/drizzle-kit cache-miss
28 http cache https://registry.npmjs.org/drizzle-kit 9ms (cache hit)
29 silly packumentCache corgi:https://registry.npmjs.org/drizzle-kit set size:2783474 disposed:false
30 verbose cwd /app/.agents/skills/backend-building/scripts/template
31 verbose os Linux 5.10.134-19.1.al8.x86_64
32 verbose node v20.20.2
33 verbose npm  v11.14.0
34 verbose exit 0
35 info ok
