0 verbose cli /usr/bin/node /usr/bin/npm
1 info using npm@11.14.0
2 info using node@v20.20.2
3 silly config load:file:/usr/lib/node_modules/npm/npmrc
4 silly config load:file:/app/.agents/skills/webapp-building-swarm/scripts/template/.npmrc
5 silly config load:file:/home/kimi/.npmrc
6 silly config load:file:/home/kimi/.npm-global/etc/npmrc
7 verbose title npm install
8 verbose argv "install" "--prefer-offline"
9 verbose logfile logs-max:10 dir:/home/kimi/.npm-cache/_logs/2026-05-08T10_49_39_714Z-
10 verbose logfile /home/kimi/.npm-cache/_logs/2026-05-08T10_49_39_714Z-debug-0.log
11 silly logfile done cleaning log files
12 silly packumentCache heap:4345298944 maxSize:1086324736 maxEntrySize:543162368
13 silly idealTree buildDeps
14 silly reify moves {}
15 silly audit bulk request {
15 silly audit   '@alloc/quick-lru': [ '5.2.0' ],
15 silly audit   '@babel/code-frame': [ '7.29.0' ],
15 silly audit   '@babel/compat-data': [ '7.29.0' ],
15 silly audit   '@babel/core': [ '7.28.5' ],
15 silly audit   '@babel/generator': [ '7.29.1' ],
15 silly audit   '@babel/helper-annotate-as-pure': [ '7.27.3' ],
15 silly audit   '@babel/helper-compilation-targets': [ '7.28.6' ],
15 silly audit   '@babel/helper-create-class-features-plugin': [ '7.28.6' ],
15 silly audit   '@babel/helper-create-regexp-features-plugin': [ '7.28.5' ],
15 silly audit   '@babel/helper-define-polyfill-provider': [ '0.6.6' ],
15 silly audit   '@babel/helper-globals': [ '7.28.0' ],
15 silly audit   '@babel/helper-member-expression-to-functions': [ '7.28.5' ],
15 silly audit   '@babel/helper-module-imports': [ '7.28.6' ],
15 silly audit   '@babel/helper-module-transforms': [ '7.28.6' ],
15 silly audit   '@babel/helper-optimise-call-expression': [ '7.27.1' ],
15 silly audit   '@babel/helper-plugin-utils': [ '7.28.6' ],
15 silly audit   '@babel/helper-remap-async-to-generator': [ '7.27.1' ],
15 silly audit   '@babel/helper-replace-supers': [ '7.28.6' ],
15 silly audit   '@babel/helper-skip-transparent-expression-wrappers': [ '7.27.1' ],
15 silly audit   '@babel/helper-string-parser': [ '7.27.1' ],
15 silly audit   '@babel/helper-validator-identifier': [ '7.28.5' ],
15 silly audit   '@babel/helper-validator-option': [ '7.27.1' ],
15 silly audit   '@babel/helper-wrap-function': [ '7.28.6' ],
15 silly audit   '@babel/helpers': [ '7.28.4' ],
15 silly audit   '@babel/parser': [ '7.29.0' ],
15 silly audit   '@babel/plugin-bugfix-firefox-class-in-computed-class-key': [ '7.28.5' ],
15 silly audit   '@babel/plugin-bugfix-safari-class-field-initializer-scope': [ '7.27.1' ],
15 silly audit   '@babel/plugin-bugfix-safari-id-destructuring-collision-in-function-expression': [ '7.27.1' ],
15 silly audit   '@babel/plugin-bugfix-v8-spread-parameters-in-optional-chaining': [ '7.27.1' ],
15 silly audit   '@babel/plugin-bugfix-v8-static-class-fields-redefine-readonly': [ '7.28.6' ],
15 silly audit   '@babel/plugin-proposal-decorators': [ '7.29.0' ],
15 silly audit   '@babel/plugin-proposal-private-property-in-object': [ '7.21.0-placeholder-for-preset-env.2' ],
15 silly audit   '@babel/plugin-syntax-decorators': [ '7.28.6' ],
15 silly audit   '@babel/plugin-syntax-import-assertions': [ '7.28.6' ],
15 silly audit   '@babel/plugin-syntax-import-attributes': [ '7.28.6' ],
15 silly audit   '@babel/plugin-syntax-jsx': [ '7.28.6' ],
15 silly audit   '@babel/plugin-syntax-typescript': [ '7.28.6' ],
15 silly audit   '@babel/plugin-syntax-unicode-sets-regex': [ '7.18.6' ],
15 silly audit   '@babel/plugin-transform-arrow-functions': [ '7.27.1' ],
15 silly audit   '@babel/plugin-transform-async-generator-functions': [ '7.29.0' ],
15 silly audit   '@babel/plugin-transform-async-to-generator': [ '7.28.6' ],
15 silly audit   '@babel/plugin-transform-block-scoped-functions': [ '7.27.1' ],
15 silly audit   '@babel/plugin-transform-block-scoping': [ '7.28.6' ],
15 silly audit   '@babel/plugin-transform-class-properties': [ '7.28.6' ],
15 silly audit   '@babel/plugin-transform-class-static-block': [ '7.28.6' ],
15 silly audit   '@babel/plugin-transform-classes': [ '7.28.6' ],
15 silly audit   '@babel/plugin-transform-computed-properties': [ '7.28.6' ],
15 silly audit   '@babel/plugin-transform-destructuring': [ '7.28.5' ],
15 silly audit   '@babel/plugin-transform-dotall-regex': [ '7.28.6' ],
15 silly audit   '@babel/plugin-transform-duplicate-keys': [ '7.27.1' ],
15 silly audit   '@babel/plugin-transform-duplicate-named-capturing-groups-regex': [ '7.29.0' ],
15 silly audit   '@babel/plugin-transform-dynamic-import': [ '7.27.1' ],
15 silly audit   '@babel/plugin-transform-explicit-resource-management': [ '7.28.6' ],
15 silly audit   '@babel/plugin-transform-exponentiation-operator': [ '7.28.6' ],
15 silly audit   '@babel/plugin-transform-export-namespace-from': [ '7.27.1' ],
15 silly audit   '@babel/plugin-transform-for-of': [ '7.27.1' ],
15 silly audit   '@babel/plugin-transform-function-name': [ '7.27.1' ],
15 silly audit   '@babel/plugin-transform-json-strings': [ '7.28.6' ],
15 silly audit   '@babel/plugin-transform-literals': [ '7.27.1' ],
15 silly audit   '@babel/plugin-transform-logical-assignment-operators': [ '7.28.6' ],
15 silly audit   '@babel/plugin-transform-member-expression-literals': [ '7.27.1' ],
15 silly audit   '@babel/plugin-transform-modules-amd': [ '7.27.1' ],
15 silly audit   '@babel/plugin-transform-modules-commonjs': [ '7.28.6' ],
15 silly audit   '@babel/plugin-transform-modules-systemjs': [ '7.29.0' ],
15 silly audit   '@babel/plugin-transform-modules-umd': [ '7.27.1' ],
15 silly audit   '@babel/plugin-transform-named-capturing-groups-regex': [ '7.29.0' ],
15 silly audit   '@babel/plugin-transform-new-target': [ '7.27.1' ],
15 silly audit   '@babel/plugin-transform-nullish-coalescing-operator': [ '7.28.6' ],
15 silly audit   '@babel/plugin-transform-numeric-separator': [ '7.28.6' ],
15 silly audit   '@babel/plugin-transform-object-rest-spread': [ '7.28.6' ],
15 silly audit   '@babel/plugin-transform-object-super': [ '7.27.1' ],
15 silly audit   '@babel/plugin-transform-optional-catch-binding': [ '7.28.6' ],
15 silly audit   '@babel/plugin-transform-optional-chaining': [ '7.28.6' ],
15 silly audit   '@babel/plugin-transform-parameters': [ '7.27.7' ],
15 silly audit   '@babel/plugin-transform-private-methods': [ '7.28.6' ],
15 silly audit   '@babel/plugin-transform-private-property-in-object': [ '7.28.6' ],
15 silly audit   '@babel/plugin-transform-property-literals': [ '7.27.1' ],
15 silly audit   '@babel/plugin-transform-react-display-name': [ '7.28.0' ],
15 silly audit   '@babel/plugin-transform-react-jsx': [ '7.28.6' ],
15 silly audit   '@babel/plugin-transform-react-jsx-development': [ '7.27.1' ],
15 silly audit   '@babel/plugin-transform-react-jsx-self': [ '7.27.1' ],
15 silly audit   '@babel/plugin-transform-react-jsx-source': [ '7.27.1' ],
15 silly audit   '@babel/plugin-transform-react-pure-annotations': [ '7.27.1' ],
15 silly audit   '@babel/plugin-transform-regenerator': [ '7.29.0' ],
15 silly audit   '@babel/plugin-transform-regexp-modifiers': [ '7.28.6' ],
15 silly audit   '@babel/plugin-transform-reserved-words': [ '7.27.1' ],
15 silly audit   '@babel/plugin-transform-shorthand-properties': [ '7.27.1' ],
15 silly audit   '@babel/plugin-transform-spread': [ '7.28.6' ],
15 silly audit   '@babel/plugin-transform-sticky-regex': [ '7.27.1' ],
15 silly audit   '@babel/plugin-transform-template-literals': [ '7.27.1' ],
15 silly audit   '@babel/plugin-transform-typeof-symbol': [ '7.27.1' ],
15 silly audit   '@babel/plugin-transform-typescript': [ '7.28.6' ],
15 silly audit   '@babel/plugin-transform-unicode-escapes': [ '7.27.1' ],
15 silly audit   '@babel/plugin-transform-unicode-property-regex': [ '7.28.6' ],
15 silly audit   '@babel/plugin-transform-unicode-regex': [ '7.27.1' ],
15 silly audit   '@babel/plugin-transform-unicode-sets-regex': [ '7.28.6' ],
15 silly audit   '@babel/preset-env': [ '7.29.0' ],
15 silly audit   '@babel/preset-modules': [ '0.1.6-no-external-plugins' ],
15 silly audit   '@babel/preset-react': [ '7.28.5' ],
15 silly audit   '@babel/preset-typescript': [ '7.28.5' ],
15 silly audit   '@babel/runtime': [ '7.28.4' ],
15 silly audit   '@babel/template': [ '7.28.6' ],
15 silly audit   '@babel/traverse': [ '7.29.0' ],
15 silly audit   '@babel/types': [ '7.29.0' ],
15 silly audit   '@date-fns/tz': [ '1.4.1' ],
15 silly audit   '@esbuild/aix-ppc64': [ '0.27.2' ],
15 silly audit   '@esbuild/android-arm': [ '0.27.2' ],
15 silly audit   '@esbuild/android-arm64': [ '0.27.2' ],
15 silly audit   '@esbuild/android-x64': [ '0.27.2' ],
15 silly audit   '@esbuild/darwin-arm64': [ '0.27.2' ],
15 silly audit   '@esbuild/darwin-x64': [ '0.27.2' ],
15 silly audit   '@esbuild/freebsd-arm64': [ '0.27.2' ],
15 silly audit   '@esbuild/freebsd-x64': [ '0.27.2' ],
15 silly audit   '@esbuild/linux-arm': [ '0.27.2' ],
15 silly audit   '@esbuild/linux-arm64': [ '0.27.2' ],
15 silly audit   '@esbuild/linux-ia32': [ '0.27.2' ],
15 silly audit   '@esbuild/linux-loong64': [ '0.27.2' ],
15 silly audit   '@esbuild/linux-mips64el': [ '0.27.2' ],
15 silly audit   '@esbuild/linux-ppc64': [ '0.27.2' ],
15 silly audit   '@esbuild/linux-riscv64': [ '0.27.2' ],
15 silly audit   '@esbuild/linux-s390x': [ '0.27.2' ],
15 silly audit   '@esbuild/linux-x64': [ '0.27.2' ],
15 silly audit   '@esbuild/netbsd-arm64': [ '0.27.2' ],
15 silly audit   '@esbuild/netbsd-x64': [ '0.27.2' ],
15 silly audit   '@esbuild/openbsd-arm64': [ '0.27.2' ],
15 silly audit   '@esbuild/openbsd-x64': [ '0.27.2' ],
15 silly audit   '@esbuild/openharmony-arm64': [ '0.27.2' ],
15 silly audit   '@esbuild/sunos-x64': [ '0.27.2' ],
15 silly audit   '@esbuild/win32-arm64': [ '0.27.2' ],
15 silly audit   '@esbuild/win32-ia32': [ '0.27.2' ],
15 silly audit   '@esbuild/win32-x64': [ '0.27.2' ],
15 silly audit   '@eslint-community/eslint-utils': [ '4.9.1' ],
15 silly audit   'eslint-visitor-keys': [ '3.4.3', '4.2.1' ],
15 silly audit   '@eslint-community/regexpp': [ '4.12.2' ],
15 silly audit   '@eslint/config-array': [ '0.21.1' ],
15 silly audit   '@eslint/config-helpers': [ '0.4.2' ],
15 silly audit   '@eslint/core': [ '0.17.0' ],
15 silly audit   '@eslint/eslintrc': [ '3.3.3' ],
15 silly audit   globals: [ '14.0.0', '16.5.0' ],
15 silly audit   '@eslint/js': [ '9.39.2' ],
15 silly audit   '@eslint/object-schema': [ '2.1.7' ],
15 silly audit   '@eslint/plugin-kit': [ '0.4.1' ],
15 silly audit   '@floating-ui/core': [ '1.7.3' ],
15 silly audit   '@floating-ui/dom': [ '1.7.4' ],
15 silly audit   '@floating-ui/react-dom': [ '2.1.6' ],
15 silly audit   '@floating-ui/utils': [ '0.2.10' ],
15 silly audit   '@hookform/resolvers': [ '5.2.2' ],
15 silly audit   '@humanfs/core': [ '0.19.1' ],
15 silly audit   '@humanfs/node': [ '0.16.7' ],
15 silly audit   '@humanwhocodes/module-importer': [ '1.0.1' ],
15 silly audit   '@humanwhocodes/retry': [ '0.4.3' ],
15 silly audit   '@jridgewell/gen-mapping': [ '0.3.13' ],
15 silly audit   '@jridgewell/remapping': [ '2.3.5' ],
15 silly audit   '@jridgewell/resolve-uri': [ '3.1.2' ],
15 silly audit   '@jridgewell/sourcemap-codec': [ '1.5.5' ],
15 silly audit   '@jridgewell/trace-mapping': [ '0.3.31' ],
15 silly audit   '@nodelib/fs.scandir': [ '2.1.5' ],
15 silly audit   '@nodelib/fs.stat': [ '2.0.5' ],
15 silly audit   '@nodelib/fs.walk': [ '1.2.8' ],
15 silly audit   '@radix-ui/number': [ '1.1.1' ],
15 silly audit   '@radix-ui/primitive': [ '1.1.3' ],
15 silly audit   '@radix-ui/react-accordion': [ '1.2.12' ],
15 silly audit   '@radix-ui/react-alert-dialog': [ '1.1.15' ],
15 silly audit   '@radix-ui/react-slot': [ '1.2.3', '1.2.4' ],
15 silly audit   '@radix-ui/react-arrow': [ '1.1.7' ],
15 silly audit   '@radix-ui/react-aspect-ratio': [ '1.1.8' ],
15 silly audit   '@radix-ui/react-primitive': [ '2.1.4', '2.1.3' ],
15 silly audit   '@radix-ui/react-avatar': [ '1.1.11' ],
15 silly audit   '@radix-ui/react-context': [ '1.1.3', '1.1.2' ],
15 silly audit   '@radix-ui/react-checkbox': [ '1.3.3' ],
15 silly audit   '@radix-ui/react-collapsible': [ '1.1.12' ],
15 silly audit   '@radix-ui/react-collection': [ '1.1.7' ],
15 silly audit   '@radix-ui/react-compose-refs': [ '1.1.2' ],
15 silly audit   '@radix-ui/react-context-menu': [ '2.2.16' ],
15 silly audit   '@radix-ui/react-dialog': [ '1.1.15' ],
15 silly audit   '@radix-ui/react-direction': [ '1.1.1' ],
15 silly audit   '@radix-ui/react-dismissable-layer': [ '1.1.11' ],
15 silly audit   '@radix-ui/react-dropdown-menu': [ '2.1.16' ],
15 silly audit   '@radix-ui/react-focus-guards': [ '1.1.3' ],
15 silly audit   '@radix-ui/react-focus-scope': [ '1.1.7' ],
15 silly audit   '@radix-ui/react-hover-card': [ '1.1.15' ],
15 silly audit   '@radix-ui/react-id': [ '1.1.1' ],
15 silly audit   '@radix-ui/react-label': [ '2.1.8' ],
15 silly audit   '@radix-ui/react-menu': [ '2.1.16' ],
15 silly audit   '@radix-ui/react-menubar': [ '1.1.16' ],
15 silly audit   '@radix-ui/react-navigation-menu': [ '1.2.14' ],
15 silly audit   '@radix-ui/react-popover': [ '1.1.15' ],
15 silly audit   '@radix-ui/react-popper': [ '1.2.8' ],
15 silly audit   '@radix-ui/react-portal': [ '1.1.9' ],
15 silly audit   '@radix-ui/react-presence': [ '1.1.5' ],
15 silly audit   '@radix-ui/react-progress': [ '1.1.8' ],
15 silly audit   '@radix-ui/react-radio-group': [ '1.3.8' ],
15 silly audit   '@radix-ui/react-roving-focus': [ '1.1.11' ],
15 silly audit   '@radix-ui/react-scroll-area': [ '1.2.10' ],
15 silly audit   '@radix-ui/react-select': [ '2.2.6' ],
15 silly audit   '@radix-ui/react-separator': [ '1.1.8' ],
15 silly audit   '@radix-ui/react-slider': [ '1.3.6' ],
15 silly audit   '@radix-ui/react-switch': [ '1.2.6' ],
15 silly audit   '@radix-ui/react-tabs': [ '1.1.13' ],
15 silly audit   '@radix-ui/react-toggle': [ '1.1.10' ],
15 silly audit   '@radix-ui/react-toggle-group': [ '1.1.11' ],
15 silly audit   '@radix-ui/react-tooltip': [ '1.2.8' ],
15 silly audit   '@radix-ui/react-use-callback-ref': [ '1.1.1' ],
15 silly audit   '@radix-ui/react-use-controllable-state': [ '1.2.2' ],
15 silly audit   '@radix-ui/react-use-effect-event': [ '0.0.2' ],
15 silly audit   '@radix-ui/react-use-escape-keydown': [ '1.1.1' ],
15 silly audit   '@radix-ui/react-use-is-hydrated': [ '0.1.0' ],
15 silly audit   '@radix-ui/react-use-layout-effect': [ '1.1.1' ],
15 silly audit   '@radix-ui/react-use-previous': [ '1.1.1' ],
15 silly audit   '@radix-ui/react-use-rect': [ '1.1.1' ],
15 silly audit   '@radix-ui/react-use-size': [ '1.1.1' ],
15 silly audit   '@radix-ui/react-visually-hidden': [ '1.2.3' ],
15 silly audit   '@radix-ui/rect': [ '1.1.1' ],
15 silly audit   '@rolldown/pluginutils': [ '1.0.0-beta.53' ],
15 silly audit   '@rollup/rollup-android-arm-eabi': [ '4.55.1' ],
15 silly audit   '@rollup/rollup-android-arm64': [ '4.55.1' ],
15 silly audit   '@rollup/rollup-darwin-arm64': [ '4.55.1' ],
15 silly audit   '@rollup/rollup-darwin-x64': [ '4.55.1' ],
15 silly audit   '@rollup/rollup-freebsd-arm64': [ '4.55.1' ],
15 silly audit   '@rollup/rollup-freebsd-x64': [ '4.55.1' ],
15 silly audit   '@rollup/rollup-linux-arm-gnueabihf': [ '4.55.1' ],
15 silly audit   '@rollup/rollup-linux-arm-musleabihf': [ '4.55.1' ],
15 silly audit   '@rollup/rollup-linux-arm64-gnu': [ '4.55.1' ],
15 silly audit   '@rollup/rollup-linux-arm64-musl': [ '4.55.1' ],
15 silly audit   '@rollup/rollup-linux-loong64-gnu': [ '4.55.1' ],
15 silly audit   '@rollup/rollup-linux-loong64-musl': [ '4.55.1' ],
15 silly audit   '@rollup/rollup-linux-ppc64-gnu': [ '4.55.1' ],
15 silly audit   '@rollup/rollup-linux-ppc64-musl': [ '4.55.1' ],
15 silly audit   '@rollup/rollup-linux-riscv64-gnu': [ '4.55.1' ],
15 silly audit   '@rollup/rollup-linux-riscv64-musl': [ '4.55.1' ],
15 silly audit   '@rollup/rollup-linux-s390x-gnu': [ '4.55.1' ],
15 silly audit   '@rollup/rollup-linux-x64-gnu': [ '4.55.1' ],
15 silly audit   '@rollup/rollup-linux-x64-musl': [ '4.55.1' ],
15 silly audit   '@rollup/rollup-openbsd-x64': [ '4.55.1' ],
15 silly audit   '@rollup/rollup-openharmony-arm64': [ '4.55.1' ],
15 silly audit   '@rollup/rollup-win32-arm64-msvc': [ '4.55.1' ],
15 silly audit   '@rollup/rollup-win32-ia32-msvc': [ '4.55.1' ],
15 silly audit   '@rollup/rollup-win32-x64-gnu': [ '4.55.1' ],
15 silly audit   '@rollup/rollup-win32-x64-msvc': [ '4.55.1' ],
15 silly audit   '@standard-schema/utils': [ '0.3.0' ],
15 silly audit   '@types/babel__core': [ '7.20.5' ],
15 silly audit   '@types/babel__generator': [ '7.27.0' ],
15 silly audit   '@types/babel__template': [ '7.4.4' ],
15 silly audit   '@types/babel__traverse': [ '7.28.0' ],
15 silly audit   '@types/d3-array': [ '3.2.2' ],
15 silly audit   '@types/d3-color': [ '3.1.3' ],
15 silly audit   '@types/d3-ease': [ '3.0.2' ],
15 silly audit   '@types/d3-interpolate': [ '3.0.4' ],
15 silly audit   '@types/d3-path': [ '3.1.1' ],
15 silly audit   '@types/d3-scale': [ '4.0.9' ],
15 silly audit   '@types/d3-shape': [ '3.1.7' ],
15 silly audit   '@types/d3-time': [ '3.0.4' ],
15 silly audit   '@types/d3-timer': [ '3.0.2' ],
15 silly audit   '@types/estree': [ '1.0.8' ],
15 silly audit   '@types/json-schema': [ '7.0.15' ],
15 silly audit   '@types/node': [ '24.10.4' ],
15 silly audit   '@types/react': [ '19.2.7' ],
15 silly audit   '@types/react-dom': [ '19.2.3' ],
15 silly audit   '@typescript-eslint/eslint-plugin': [ '8.52.0' ],
15 silly audit   ignore: [ '7.0.5', '5.3.2' ],
15 silly audit   '@typescript-eslint/parser': [ '8.52.0' ],
15 silly audit   '@typescript-eslint/project-service': [ '8.52.0' ],
15 silly audit   '@typescript-eslint/scope-manager': [ '8.52.0' ],
15 silly audit   '@typescript-eslint/tsconfig-utils': [ '8.52.0' ],
15 silly audit   '@typescript-eslint/type-utils': [ '8.52.0' ],
15 silly audit   '@typescript-eslint/types': [ '8.52.0' ],
15 silly audit   '@typescript-eslint/typescript-estree': [ '8.52.0' ],
15 silly audit   'brace-expansion': [ '2.0.2', '1.1.12' ],
15 silly audit   minimatch: [ '9.0.5', '3.1.2' ],
15 silly audit   semver: [ '7.7.3', '6.3.1' ],
15 silly audit   '@typescript-eslint/utils': [ '8.52.0' ],
15 silly audit   '@typescript-eslint/visitor-keys': [ '8.52.0' ],
15 silly audit   '@vitejs/plugin-react': [ '5.1.2' ],
15 silly audit   acorn: [ '8.15.0' ],
15 silly audit   'acorn-jsx': [ '5.3.2' ],
15 silly audit   ajv: [ '6.12.6' ],
15 silly audit   'ansi-styles': [ '4.3.0' ],
15 silly audit   'any-promise': [ '1.3.0' ],
15 silly audit   anymatch: [ '3.1.3' ],
15 silly audit   picomatch: [ '2.3.1', '4.0.3' ],
15 silly audit   arg: [ '5.0.2' ],
15 silly audit   argparse: [ '2.0.1' ],
15 silly audit   'aria-hidden': [ '1.2.6' ],
15 silly audit   autoprefixer: [ '10.4.23' ],
15 silly audit   'babel-plugin-polyfill-corejs2': [ '0.4.15' ],
15 silly audit   'babel-plugin-polyfill-corejs3': [ '0.14.0' ],
15 silly audit   'babel-plugin-polyfill-regenerator': [ '0.6.6' ],
15 silly audit   'balanced-match': [ '1.0.2' ],
15 silly audit   'baseline-browser-mapping': [ '2.9.11' ],
15 silly audit   'binary-extensions': [ '2.3.0' ],
15 silly audit   braces: [ '3.0.3' ],
15 silly audit   browserslist: [ '4.28.1' ],
15 silly audit   callsites: [ '3.1.0' ],
15 silly audit   'camelcase-css': [ '2.0.1' ],
15 silly audit   'caniuse-lite': [ '1.0.30001762' ],
15 silly audit   chalk: [ '4.1.2' ],
15 silly audit   chokidar: [ '3.6.0' ],
15 silly audit   'glob-parent': [ '5.1.2', '6.0.2' ],
15 silly audit   'class-variance-authority': [ '0.7.1' ],
15 silly audit   clsx: [ '2.1.1' ],
15 silly audit   cmdk: [ '1.1.1' ],
15 silly audit   'color-convert': [ '2.0.1' ],
15 silly audit   'color-name': [ '1.1.4' ],
15 silly audit   commander: [ '4.1.1' ],
15 silly audit   'concat-map': [ '0.0.1' ],
15 silly audit   'convert-source-map': [ '2.0.0' ],
15 silly audit   cookie: [ '1.1.1' ],
15 silly audit   'core-js-compat': [ '3.48.0' ],
15 silly audit   'cross-spawn': [ '7.0.6' ],
15 silly audit   cssesc: [ '3.0.0' ],
15 silly audit   csstype: [ '3.2.3' ],
15 silly audit   'd3-array': [ '3.2.4' ],
15 silly audit   'd3-color': [ '3.1.0' ],
15 silly audit   'd3-ease': [ '3.0.1' ],
15 silly audit   'd3-format': [ '3.1.0' ],
15 silly audit   'd3-interpolate': [ '3.0.1' ],
15 silly audit   'd3-path': [ '3.1.0' ],
15 silly audit   'd3-scale': [ '4.0.2' ],
15 silly audit   'd3-shape': [ '3.2.0' ],
15 silly audit   'd3-time': [ '3.1.0' ],
15 silly audit   'd3-time-format': [ '4.1.0' ],
15 silly audit   'd3-timer': [ '3.0.1' ],
15 silly audit   'date-fns': [ '4.1.0' ],
15 silly audit   'date-fns-jalali': [ '4.1.0-0' ],
15 silly audit   debug: [ '4.4.3' ],
15 silly audit   'decimal.js-light': [ '2.5.1' ],
15 silly audit   'deep-is': [ '0.1.4' ],
15 silly audit   'detect-node-es': [ '1.1.0' ],
15 silly audit   didyoumean: [ '1.2.2' ],
15 silly audit   dlv: [ '1.1.3' ],
15 silly audit   'dom-helpers': [ '5.2.1' ],
15 silly audit   'electron-to-chromium': [ '1.5.267' ],
15 silly audit   'embla-carousel': [ '8.6.0' ],
15 silly audit   'embla-carousel-react': [ '8.6.0' ],
15 silly audit   'embla-carousel-reactive-utils': [ '8.6.0' ],
15 silly audit   esbuild: [ '0.27.2' ],
15 silly audit   escalade: [ '3.2.0' ],
15 silly audit   'escape-string-regexp': [ '4.0.0' ],
15 silly audit   eslint: [ '9.39.2' ],
15 silly audit   'eslint-plugin-react-hooks': [ '7.0.1' ],
15 silly audit   'eslint-plugin-react-refresh': [ '0.4.26' ],
15 silly audit   'eslint-scope': [ '8.4.0' ],
15 silly audit   espree: [ '10.4.0' ],
15 silly audit   esquery: [ '1.7.0' ],
15 silly audit   esrecurse: [ '4.3.0' ],
15 silly audit   estraverse: [ '5.3.0' ],
15 silly audit   esutils: [ '2.0.3' ],
15 silly audit   eventemitter3: [ '4.0.7' ],
15 silly audit   'fast-deep-equal': [ '3.1.3' ],
15 silly audit   'fast-equals': [ '5.4.0' ],
15 silly audit   'fast-glob': [ '3.3.3' ],
15 silly audit   'fast-json-stable-stringify': [ '2.1.0' ],
15 silly audit   'fast-levenshtein': [ '2.0.6' ],
15 silly audit   fastq: [ '1.20.1' ],
15 silly audit   fdir: [ '6.5.0' ],
15 silly audit   'file-entry-cache': [ '8.0.0' ],
15 silly audit   'fill-range': [ '7.1.1' ],
15 silly audit   'find-up': [ '5.0.0' ],
15 silly audit   'flat-cache': [ '4.0.1' ],
15 silly audit   flatted: [ '3.3.3' ],
15 silly audit   'fraction.js': [ '5.3.4' ],
15 silly audit   fsevents: [ '2.3.3' ],
15 silly audit   'function-bind': [ '1.1.2' ],
15 silly audit   gensync: [ '1.0.0-beta.2' ],
15 silly audit   'get-nonce': [ '1.0.1' ],
15 silly audit   'has-flag': [ '4.0.0' ],
15 silly audit   hasown: [ '2.0.2' ],
15 silly audit   'hermes-estree': [ '0.25.1' ],
15 silly audit   'hermes-parser': [ '0.25.1' ],
15 silly audit   'import-fresh': [ '3.3.1' ],
15 silly audit   imurmurhash: [ '0.1.4' ],
15 silly audit   'input-otp': [ '1.4.2' ],
15 silly audit   internmap: [ '2.0.3' ],
15 silly audit   'is-binary-path': [ '2.1.0' ],
15 silly audit   'is-core-module': [ '2.16.1' ],
15 silly audit   'is-extglob': [ '2.1.1' ],
15 silly audit   'is-glob': [ '4.0.3' ],
15 silly audit   'is-number': [ '7.0.0' ],
15 silly audit   isexe: [ '2.0.0' ],
15 silly audit   jiti: [ '1.21.7' ],
15 silly audit   'js-tokens': [ '4.0.0' ],
15 silly audit   'js-yaml': [ '4.1.1' ],
15 silly audit   jsesc: [ '3.1.0' ],
15 silly audit   'json-buffer': [ '3.0.1' ],
15 silly audit   'json-schema-traverse': [ '0.4.1' ],
15 silly audit   'json-stable-stringify-without-jsonify': [ '1.0.1' ],
15 silly audit   json5: [ '2.2.3' ],
15 silly audit   keyv: [ '4.5.4' ],
15 silly audit   levn: [ '0.4.1' ],
15 silly audit   lilconfig: [ '3.1.3' ],
15 silly audit   'lines-and-columns': [ '1.2.4' ],
15 silly audit   'locate-path': [ '6.0.0' ],
15 silly audit   lodash: [ '4.17.21' ],
15 silly audit   'lodash.debounce': [ '4.0.8' ],
15 silly audit   'lodash.merge': [ '4.6.2' ],
15 silly audit   'loose-envify': [ '1.4.0' ],
15 silly audit   'lru-cache': [ '5.1.1' ],
15 silly audit   'lucide-react': [ '0.562.0' ],
15 silly audit   'magic-string': [ '0.30.21' ],
15 silly audit   merge2: [ '1.4.1' ],
15 silly audit   micromatch: [ '4.0.8' ],
15 silly audit   ms: [ '2.1.3' ],
15 silly audit   mz: [ '2.7.0' ],
15 silly audit   nanoid: [ '3.3.11' ],
15 silly audit   'natural-compare': [ '1.4.0' ],
15 silly audit   'next-themes': [ '0.4.6' ],
15 silly audit   'node-releases': [ '2.0.27' ],
15 silly audit   'normalize-path': [ '3.0.0' ],
15 silly audit   'object-assign': [ '4.1.1' ],
15 silly audit   'object-hash': [ '3.0.0' ],
15 silly audit   optionator: [ '0.9.4' ],
15 silly audit   'p-limit': [ '3.1.0' ],
15 silly audit   'p-locate': [ '5.0.0' ],
15 silly audit   'parent-module': [ '1.0.1' ],
15 silly audit   'path-exists': [ '4.0.0' ],
15 silly audit   'path-key': [ '3.1.1' ],
15 silly audit   'path-parse': [ '1.0.7' ],
15 silly audit   picocolors: [ '1.1.1' ],
15 silly audit   pify: [ '2.3.0' ],
15 silly audit   pirates: [ '4.0.7' ],
15 silly audit   'plugin-inspect-react-code': [ '1.0.3' ],
15 silly audit   postcss: [ '8.5.6' ],
15 silly audit   'postcss-import': [ '15.1.0' ],
15 silly audit   'postcss-js': [ '4.1.0' ],
15 silly audit   'postcss-load-config': [ '6.0.1' ],
15 silly audit   'postcss-nested': [ '6.2.0' ],
15 silly audit   'postcss-selector-parser': [ '6.1.2' ],
15 silly audit   'postcss-value-parser': [ '4.2.0' ],
15 silly audit   'prelude-ls': [ '1.2.1' ],
15 silly audit   'prop-types': [ '15.8.1' ],
15 silly audit   'react-is': [ '16.13.1', '18.3.1' ],
15 silly audit   punycode: [ '2.3.1' ],
15 silly audit   'queue-microtask': [ '1.2.3' ],
15 silly audit   react: [ '19.2.3' ],
15 silly audit   'react-day-picker': [ '9.13.0' ],
15 silly audit   'react-dom': [ '19.2.3' ],
15 silly audit   'react-hook-form': [ '7.70.0' ],
15 silly audit   'react-refresh': [ '0.18.0' ],
15 silly audit   'react-remove-scroll': [ '2.7.2' ],
15 silly audit   'react-remove-scroll-bar': [ '2.3.8' ],
15 silly audit   'react-resizable-panels': [ '4.2.2' ],
15 silly audit   'react-router': [ '7.15.0' ],
15 silly audit   'react-smooth': [ '4.0.4' ],
15 silly audit   'react-style-singleton': [ '2.2.3' ],
15 silly audit   'react-transition-group': [ '4.4.5' ],
15 silly audit   'read-cache': [ '1.0.0' ],
15 silly audit   readdirp: [ '3.6.0' ],
15 silly audit   recharts: [ '2.15.4' ],
15 silly audit   'recharts-scale': [ '0.4.5' ],
15 silly audit   regenerate: [ '1.4.2' ],
15 silly audit   'regenerate-unicode-properties': [ '10.2.2' ],
15 silly audit   'regexpu-core': [ '6.4.0' ],
15 silly audit   regjsgen: [ '0.8.0' ],
15 silly audit   regjsparser: [ '0.13.0' ],
15 silly audit   resolve: [ '1.22.11' ],
15 silly audit   'resolve-from': [ '4.0.0' ],
15 silly audit   reusify: [ '1.1.0' ],
15 silly audit   rollup: [ '4.55.1' ],
15 silly audit   'run-parallel': [ '1.2.0' ],
15 silly audit   scheduler: [ '0.27.0' ],
15 silly audit   'set-cookie-parser': [ '2.7.2' ],
15 silly audit   'shebang-command': [ '2.0.0' ],
15 silly audit   'shebang-regex': [ '3.0.0' ],
15 silly audit   sonner: [ '2.0.7' ],
15 silly audit   'source-map-js': [ '1.2.1' ],
15 silly audit   'strip-json-comments': [ '3.1.1' ],
15 silly audit   sucrase: [ '3.35.1' ],
15 silly audit   'supports-color': [ '7.2.0' ],
15 silly audit   'supports-preserve-symlinks-flag': [ '1.0.0' ],
15 silly audit   'tailwind-merge': [ '3.4.0' ],
15 silly audit   tailwindcss: [ '3.4.19' ],
15 silly audit   'tailwindcss-animate': [ '1.0.7' ],
15 silly audit   thenify: [ '3.3.1' ],
15 silly audit   'thenify-all': [ '1.6.0' ],
15 silly audit   'tiny-invariant': [ '1.3.3' ],
15 silly audit   tinyglobby: [ '0.2.15' ],
15 silly audit   'to-regex-range': [ '5.0.1' ],
15 silly audit   'ts-api-utils': [ '2.4.0' ],
15 silly audit   'ts-interface-checker': [ '0.1.13' ],
15 silly audit   tslib: [ '2.8.1' ],
15 silly audit   'tw-animate-css': [ '1.4.0' ],
15 silly audit   'type-check': [ '0.4.0' ],
15 silly audit   typescript: [ '5.9.3' ],
15 silly audit   'typescript-eslint': [ '8.52.0' ],
15 silly audit   'undici-types': [ '7.16.0' ],
15 silly audit   'unicode-canonical-property-names-ecmascript': [ '2.0.1' ],
15 silly audit   'unicode-match-property-ecmascript': [ '2.0.0' ],
15 silly audit   'unicode-match-property-value-ecmascript': [ '2.2.1' ],
15 silly audit   'unicode-property-aliases-ecmascript': [ '2.2.0' ],
15 silly audit   'update-browserslist-db': [ '1.2.3' ],
15 silly audit   'uri-js': [ '4.4.1' ],
15 silly audit   'use-callback-ref': [ '1.3.3' ],
15 silly audit   'use-sidecar': [ '1.1.3' ],
15 silly audit   'use-sync-external-store': [ '1.6.0' ],
15 silly audit   'util-deprecate': [ '1.0.2' ],
15 silly audit   vaul: [ '1.1.2' ],
15 silly audit   'victory-vendor': [ '36.9.2' ],
15 silly audit   vite: [ '7.3.0' ],
15 silly audit   which: [ '2.0.2' ],
15 silly audit   'word-wrap': [ '1.2.5' ],
15 silly audit   yallist: [ '3.1.1' ],
15 silly audit   'yocto-queue': [ '0.1.0' ],
15 silly audit   zod: [ '4.3.5' ],
15 silly audit   'zod-validation-error': [ '4.0.2' ]
15 silly audit }
16 http fetch POST 200 https://registry.npmjs.org/-/npm/v1/security/advisories/bulk 949ms
17 silly audit report {
17 silly audit report   'brace-expansion': [
17 silly audit report     {
17 silly audit report       id: 1115540,
17 silly audit report       url: 'https://github.com/advisories/GHSA-f886-m6hf-6m8v',
17 silly audit report       title: 'brace-expansion: Zero-step sequence causes process hang and memory exhaustion',
17 silly audit report       severity: 'moderate',
17 silly audit report       vulnerable_versions: '<1.1.13',
17 silly audit report       cwe: [Array],
17 silly audit report       cvss: [Object]
17 silly audit report     },
17 silly audit report     {
17 silly audit report       id: 1115541,
17 silly audit report       url: 'https://github.com/advisories/GHSA-f886-m6hf-6m8v',
17 silly audit report       title: 'brace-expansion: Zero-step sequence causes process hang and memory exhaustion',
17 silly audit report       severity: 'moderate',
17 silly audit report       vulnerable_versions: '>=2.0.0 <2.0.3',
17 silly audit report       cwe: [Array],
17 silly audit report       cvss: [Object]
17 silly audit report     }
17 silly audit report   ],
17 silly audit report   minimatch: [
17 silly audit report     {
17 silly audit report       id: 1113459,
17 silly audit report       url: 'https://github.com/advisories/GHSA-3ppc-4f35-3m26',
17 silly audit report       title: 'minimatch has a ReDoS via repeated wildcards with non-matching literal in pattern',
17 silly audit report       severity: 'high',
17 silly audit report       vulnerable_versions: '<3.1.3',
17 silly audit report       cwe: [Array],
17 silly audit report       cvss: [Object]
17 silly audit report     },
17 silly audit report     {
17 silly audit report       id: 1113465,
17 silly audit report       url: 'https://github.com/advisories/GHSA-3ppc-4f35-3m26',
17 silly audit report       title: 'minimatch has a ReDoS via repeated wildcards with non-matching literal in pattern',
17 silly audit report       severity: 'high',
17 silly audit report       vulnerable_versions: '>=9.0.0 <9.0.6',
17 silly audit report       cwe: [Array],
17 silly audit report       cvss: [Object]
17 silly audit report     },
17 silly audit report     {
17 silly audit report       id: 1113538,
17 silly audit report       url: 'https://github.com/advisories/GHSA-7r86-cg39-jmmj',
17 silly audit report       title: 'minimatch has ReDoS: matchOne() combinatorial backtracking via multiple non-adjacent GLOBSTAR segments',
17 silly audit report       severity: 'high',
17 silly audit report       vulnerable_versions: '<3.1.3',
17 silly audit report       cwe: [Array],
17 silly audit report       cvss: [Object]
17 silly audit report     },
17 silly audit report     {
17 silly audit report       id: 1113544,
17 silly audit report       url: 'https://github.com/advisories/GHSA-7r86-cg39-jmmj',
17 silly audit report       title: 'minimatch has ReDoS: matchOne() combinatorial backtracking via multiple non-adjacent GLOBSTAR segments',
17 silly audit report       severity: 'high',
17 silly audit report       vulnerable_versions: '>=9.0.0 <9.0.7',
17 silly audit report       cwe: [Array],
17 silly audit report       cvss: [Object]
17 silly audit report     },
17 silly audit report     {
17 silly audit report       id: 1113546,
17 silly audit report       url: 'https://github.com/advisories/GHSA-23c5-xmqv-rm74',
17 silly audit report       title: 'minimatch ReDoS: nested *() extglobs generate catastrophically backtracking regular expressions',
17 silly audit report       severity: 'high',
17 silly audit report       vulnerable_versions: '<3.1.4',
17 silly audit report       cwe: [Array],
17 silly audit report       cvss: [Object]
17 silly audit report     },
17 silly audit report     {
17 silly audit report       id: 1113552,
17 silly audit report       url: 'https://github.com/advisories/GHSA-23c5-xmqv-rm74',
17 silly audit report       title: 'minimatch ReDoS: nested *() extglobs generate catastrophically backtracking regular expressions',
17 silly audit report       severity: 'high',
17 silly audit report       vulnerable_versions: '>=9.0.0 <9.0.7',
17 silly audit report       cwe: [Array],
17 silly audit report       cvss: [Object]
17 silly audit report     }
17 silly audit report   ],
17 silly audit report   ajv: [
17 silly audit report     {
17 silly audit report       id: 1113714,
17 silly audit report       url: 'https://github.com/advisories/GHSA-2g4f-4pwh-qvx6',
17 silly audit report       title: 'ajv has ReDoS when using `$data` option',
17 silly audit report       severity: 'moderate',
17 silly audit report       vulnerable_versions: '<6.14.0',
17 silly audit report       cwe: [Array],
17 silly audit report       cvss: [Object]
17 silly audit report     }
17 silly audit report   ],
17 silly audit report   picomatch: [
17 silly audit report     {
17 silly audit report       id: 1115549,
17 silly audit report       url: 'https://github.com/advisories/GHSA-3v7f-55p6-f55p',
17 silly audit report       title: 'Picomatch: Method Injection in POSIX Character Classes causes incorrect Glob Matching',
17 silly audit report       severity: 'moderate',
17 silly audit report       vulnerable_versions: '<2.3.2',
17 silly audit report       cwe: [Array],
17 silly audit report       cvss: [Object]
17 silly audit report     },
17 silly audit report     {
17 silly audit report       id: 1115551,
17 silly audit report       url: 'https://github.com/advisories/GHSA-3v7f-55p6-f55p',
17 silly audit report       title: 'Picomatch: Method Injection in POSIX Character Classes causes incorrect Glob Matching',
17 silly audit report       severity: 'moderate',
17 silly audit report       vulnerable_versions: '>=4.0.0 <4.0.4',
17 silly audit report       cwe: [Array],
17 silly audit report       cvss: [Object]
17 silly audit report     },
17 silly audit report     {
17 silly audit report       id: 1115552,
17 silly audit report       url: 'https://github.com/advisories/GHSA-c2c7-rcm5-vvqj',
17 silly audit report       title: 'Picomatch has a ReDoS vulnerability via extglob quantifiers',
17 silly audit report       severity: 'high',
17 silly audit report       vulnerable_versions: '<2.3.2',
17 silly audit report       cwe: [Array],
17 silly audit report       cvss: [Object]
17 silly audit report     },
17 silly audit report     {
17 silly audit report       id: 1115554,
17 silly audit report       url: 'https://github.com/advisories/GHSA-c2c7-rcm5-vvqj',
17 silly audit report       title: 'Picomatch has a ReDoS vulnerability via extglob quantifiers',
17 silly audit report       severity: 'high',
17 silly audit report       vulnerable_versions: '>=4.0.0 <4.0.4',
17 silly audit report       cwe: [Array],
17 silly audit report       cvss: [Object]
17 silly audit report     }
17 silly audit report   ],
17 silly audit report   flatted: [
17 silly audit report     {
17 silly audit report       id: 1114526,
17 silly audit report       url: 'https://github.com/advisories/GHSA-25h7-pfq9-p65f',
17 silly audit report       title: 'flatted vulnerable to unbounded recursion DoS in parse() revive phase',
17 silly audit report       severity: 'high',
17 silly audit report       vulnerable_versions: '<3.4.0',
17 silly audit report       cwe: [Array],
17 silly audit report       cvss: [Object]
17 silly audit report     },
17 silly audit report     {
17 silly audit report       id: 1115357,
17 silly audit report       url: 'https://github.com/advisories/GHSA-rf6f-7fwh-wjgh',
17 silly audit report       title: 'Prototype Pollution via parse() in NodeJS flatted',
17 silly audit report       severity: 'high',
17 silly audit report       vulnerable_versions: '<=3.4.1',
17 silly audit report       cwe: [Array],
17 silly audit report       cvss: [Object]
17 silly audit report     }
17 silly audit report   ],
17 silly audit report   lodash: [
17 silly audit report     {
17 silly audit report       id: 1112455,
17 silly audit report       url: 'https://github.com/advisories/GHSA-xxjr-mmjv-4gpg',
17 silly audit report       title: 'Lodash has Prototype Pollution Vulnerability in `_.unset` and `_.omit` functions',
17 silly audit report       severity: 'moderate',
17 silly audit report       vulnerable_versions: '>=4.0.0 <=4.17.22',
17 silly audit report       cwe: [Array],
17 silly audit report       cvss: [Object]
17 silly audit report     },
17 silly audit report     {
17 silly audit report       id: 1115806,
17 silly audit report       url: 'https://github.com/advisories/GHSA-r5fr-rjxr-66jc',
17 silly audit report       title: 'lodash vulnerable to Code Injection via `_.template` imports key names',
17 silly audit report       severity: 'high',
17 silly audit report       vulnerable_versions: '>=4.0.0 <=4.17.23',
17 silly audit report       cwe: [Array],
17 silly audit report       cvss: [Object]
17 silly audit report     },
17 silly audit report     {
17 silly audit report       id: 1115810,
17 silly audit report       url: 'https://github.com/advisories/GHSA-f23m-r3pf-42rh',
17 silly audit report       title: 'lodash vulnerable to Prototype Pollution via array path bypass in `_.unset` and `_.omit`',
17 silly audit report       severity: 'moderate',
17 silly audit report       vulnerable_versions: '<=4.17.23',
17 silly audit report       cwe: [Array],
17 silly audit report       cvss: [Object]
17 silly audit report     }
17 silly audit report   ],
17 silly audit report   postcss: [
17 silly audit report     {
17 silly audit report       id: 1117015,
17 silly audit report       url: 'https://github.com/advisories/GHSA-qx2v-qp2m-jg93',
17 silly audit report       title: 'PostCSS has XSS via Unescaped </style> in its CSS Stringify Output',
17 silly audit report       severity: 'moderate',
17 silly audit report       vulnerable_versions: '<8.5.10',
17 silly audit report       cwe: [Array],
17 silly audit report       cvss: [Object]
17 silly audit report     }
17 silly audit report   ],
17 silly audit report   rollup: [
17 silly audit report     {
17 silly audit report       id: 1113515,
17 silly audit report       url: 'https://github.com/advisories/GHSA-mw96-cpmx-2vgc',
17 silly audit report       title: 'Rollup 4 has Arbitrary File Write via Path Traversal',
17 silly audit report       severity: 'high',
17 silly audit report       vulnerable_versions: '>=4.0.0 <4.59.0',
17 silly audit report       cwe: [Array],
17 silly audit report       cvss: [Object]
17 silly audit report     }
17 silly audit report   ],
17 silly audit report   vite: [
17 silly audit report     {
17 silly audit report       id: 1116230,
17 silly audit report       url: 'https://github.com/advisories/GHSA-4w7w-66w2-5vf9',
17 silly audit report       title: 'Vite Vulnerable to Path Traversal in Optimized Deps `.map` Handling',
17 silly audit report       severity: 'moderate',
17 silly audit report       vulnerable_versions: '>=7.0.0 <=7.3.1',
17 silly audit report       cwe: [Array],
17 silly audit report       cvss: [Object]
17 silly audit report     },
17 silly audit report     {
17 silly audit report       id: 1116232,
17 silly audit report       url: 'https://github.com/advisories/GHSA-v2wj-q39q-566r',
17 silly audit report       title: 'Vite: `server.fs.deny` bypassed with queries',
17 silly audit report       severity: 'high',
17 silly audit report       vulnerable_versions: '>=7.1.0 <=7.3.1',
17 silly audit report       cwe: [Array],
17 silly audit report       cvss: [Object]
17 silly audit report     },
17 silly audit report     {
17 silly audit report       id: 1116235,
17 silly audit report       url: 'https://github.com/advisories/GHSA-p9ff-h696-f583',
17 silly audit report       title: 'Vite Vulnerable to Arbitrary File Read via Vite Dev Server WebSocket',
17 silly audit report       severity: 'high',
17 silly audit report       vulnerable_versions: '>=7.0.0 <=7.3.1',
17 silly audit report       cwe: [Array],
17 silly audit report       cvss: [Object]
17 silly audit report     }
17 silly audit report   ]
17 silly audit report }
18 silly packumentCache corgi:https://registry.npmjs.org/brace-expansion cache-miss
19 silly packumentCache corgi:https://registry.npmjs.org/minimatch cache-miss
20 silly packumentCache corgi:https://registry.npmjs.org/ajv cache-miss
21 silly packumentCache corgi:https://registry.npmjs.org/picomatch cache-miss
22 silly packumentCache corgi:https://registry.npmjs.org/flatted cache-miss
23 silly packumentCache corgi:https://registry.npmjs.org/lodash cache-miss
24 silly packumentCache corgi:https://registry.npmjs.org/postcss cache-miss
25 silly packumentCache corgi:https://registry.npmjs.org/rollup cache-miss
26 silly packumentCache corgi:https://registry.npmjs.org/vite cache-miss
27 http cache https://registry.npmjs.org/picomatch 28ms (cache hit)
28 silly packumentCache corgi:https://registry.npmjs.org/picomatch set size:44414 disposed:false
29 http cache https://registry.npmjs.org/minimatch 31ms (cache hit)
30 silly packumentCache corgi:https://registry.npmjs.org/minimatch set size:168441 disposed:false
31 http cache https://registry.npmjs.org/flatted 28ms (cache hit)
32 silly packumentCache corgi:https://registry.npmjs.org/flatted set size:57858 disposed:false
33 http cache https://registry.npmjs.org/brace-expansion 43ms (cache hit)
34 silly packumentCache corgi:https://registry.npmjs.org/brace-expansion set size:23348 disposed:false
35 http cache https://registry.npmjs.org/lodash 36ms (cache hit)
36 silly packumentCache corgi:https://registry.npmjs.org/lodash set size:69555 disposed:false
37 http cache https://registry.npmjs.org/postcss 38ms (cache hit)
38 silly packumentCache corgi:https://registry.npmjs.org/postcss set size:343873 disposed:false
39 http cache https://registry.npmjs.org/ajv 48ms (cache hit)
40 silly packumentCache corgi:https://registry.npmjs.org/ajv set size:467559 disposed:false
41 http cache https://registry.npmjs.org/rollup 53ms (cache hit)
42 silly packumentCache corgi:https://registry.npmjs.org/rollup set size:2564296 disposed:false
43 http cache https://registry.npmjs.org/vite 75ms (cache hit)
44 silly packumentCache corgi:https://registry.npmjs.org/vite set size:2240862 disposed:false
45 silly packumentCache corgi:https://registry.npmjs.org/@eslint%2fconfig-array cache-miss
46 silly packumentCache corgi:https://registry.npmjs.org/@eslint%2feslintrc cache-miss
47 silly packumentCache corgi:https://registry.npmjs.org/eslint cache-miss
48 http cache https://registry.npmjs.org/@eslint%2feslintrc 6ms (cache hit)
49 silly packumentCache corgi:https://registry.npmjs.org/@eslint%2feslintrc set size:83205 disposed:false
50 http cache https://registry.npmjs.org/@eslint%2fconfig-array 7ms (cache hit)
51 silly packumentCache corgi:https://registry.npmjs.org/@eslint%2fconfig-array set size:19036 disposed:false
52 http cache https://registry.npmjs.org/eslint 9ms (cache hit)
53 silly packumentCache corgi:https://registry.npmjs.org/eslint set size:1154211 disposed:false
54 silly packumentCache corgi:https://registry.npmjs.org/@typescript-eslint%2ftypescript-estree cache-miss
55 http cache https://registry.npmjs.org/@typescript-eslint%2ftypescript-estree 18ms (cache hit)
56 silly packumentCache corgi:https://registry.npmjs.org/@typescript-eslint%2ftypescript-estree set size:8642295 disposed:false
57 silly packumentCache corgi:https://registry.npmjs.org/anymatch cache-miss
58 silly packumentCache corgi:https://registry.npmjs.org/micromatch cache-miss
59 silly packumentCache corgi:https://registry.npmjs.org/readdirp cache-miss
60 http cache https://registry.npmjs.org/micromatch 8ms (cache hit)
61 silly packumentCache corgi:https://registry.npmjs.org/micromatch set size:71776 disposed:false
62 http cache https://registry.npmjs.org/readdirp 8ms (cache hit)
63 silly packumentCache corgi:https://registry.npmjs.org/readdirp set size:47123 disposed:false
64 http cache https://registry.npmjs.org/anymatch 10ms (cache hit)
65 silly packumentCache corgi:https://registry.npmjs.org/anymatch set size:18345 disposed:false
66 silly packumentCache corgi:https://registry.npmjs.org/fdir cache-miss
67 silly packumentCache corgi:https://registry.npmjs.org/tinyglobby cache-miss
68 http cache https://registry.npmjs.org/tinyglobby 10ms (cache hit)
69 silly packumentCache corgi:https://registry.npmjs.org/tinyglobby set size:18884 disposed:false
70 http cache https://registry.npmjs.org/fdir 10ms (cache hit)
71 silly packumentCache corgi:https://registry.npmjs.org/fdir set size:76905 disposed:false
72 silly packumentCache corgi:https://registry.npmjs.org/flat-cache cache-miss
73 http cache https://registry.npmjs.org/flat-cache 5ms (cache hit)
74 silly packumentCache corgi:https://registry.npmjs.org/flat-cache set size:50282 disposed:false
75 silly packumentCache corgi:https://registry.npmjs.org/recharts cache-miss
76 http cache https://registry.npmjs.org/recharts 3ms (cache hit)
77 silly packumentCache corgi:https://registry.npmjs.org/recharts set size:785054 disposed:false
78 silly packumentCache corgi:https://registry.npmjs.org/autoprefixer cache-miss
79 silly packumentCache corgi:https://registry.npmjs.org/postcss-import cache-miss
80 silly packumentCache corgi:https://registry.npmjs.org/postcss-js cache-miss
81 silly packumentCache corgi:https://registry.npmjs.org/postcss-load-config cache-miss
82 silly packumentCache corgi:https://registry.npmjs.org/postcss-nested cache-miss
83 silly packumentCache corgi:https://registry.npmjs.org/tailwindcss cache-miss
84 http cache https://registry.npmjs.org/postcss-import 24ms (cache hit)
85 silly packumentCache corgi:https://registry.npmjs.org/postcss-import set size:52251 disposed:false
86 http cache https://registry.npmjs.org/postcss-load-config 25ms (cache hit)
87 silly packumentCache corgi:https://registry.npmjs.org/postcss-load-config set size:37999 disposed:false
88 http cache https://registry.npmjs.org/postcss-js 27ms (cache hit)
89 silly packumentCache corgi:https://registry.npmjs.org/postcss-js set size:25314 disposed:false
90 http cache https://registry.npmjs.org/autoprefixer 30ms (cache hit)
91 silly packumentCache corgi:https://registry.npmjs.org/autoprefixer set size:298545 disposed:false
92 http cache https://registry.npmjs.org/postcss-nested 30ms (cache hit)
93 silly packumentCache corgi:https://registry.npmjs.org/postcss-nested set size:41645 disposed:false
94 http cache https://registry.npmjs.org/tailwindcss 40ms (cache hit)
95 silly packumentCache corgi:https://registry.npmjs.org/tailwindcss set size:4686681 disposed:false
96 silly packumentCache corgi:https://registry.npmjs.org/@vitejs%2fplugin-react cache-miss
97 silly packumentCache corgi:https://registry.npmjs.org/plugin-inspect-react-code cache-miss
98 http cache https://registry.npmjs.org/plugin-inspect-react-code 10ms (cache hit)
99 silly packumentCache corgi:https://registry.npmjs.org/plugin-inspect-react-code set size:1077 disposed:false
100 http cache https://registry.npmjs.org/@vitejs%2fplugin-react 17ms (cache hit)
101 silly packumentCache corgi:https://registry.npmjs.org/@vitejs%2fplugin-react set size:112470 disposed:false
102 verbose cwd /app/.agents/skills/webapp-building-swarm/scripts/template
103 verbose os Linux 5.10.134-19.1.al8.x86_64
104 verbose node v20.20.2
105 verbose npm  v11.14.0
106 verbose exit 0
107 info ok
